This is pdfTeX, Version 3.14159265-2.6-1.40.21 (TeX Live 2020/W32TeX) (preloaded format=pdflatex 2021.3.13)  12 NOV 2021 15:44
entering extended mode
 restricted \write18 enabled.
 %&-line parsing enabled.
**hnumain.tex
(./hnumain.tex
LaTeX2e <2020-02-02> patch level 5
L3 programming layer <2020-03-06>
(d:/texlive/2020/texmf-dist/tex/latex/base/book.cls
Document Class: book 2019/12/20 v1.4l Standard LaTeX document class
(d:/texlive/2020/texmf-dist/tex/latex/base/bk10.clo
File: bk10.clo 2019/12/20 v1.4l Standard LaTeX file (size option)
)
\c@part=\count167
\c@chapter=\count168
\c@section=\count169
\c@subsection=\count170
\c@subsubsection=\count171
\c@paragraph=\count172
\c@subparagraph=\count173
\c@figure=\count174
\c@table=\count175
\abovecaptionskip=\skip47
\belowcaptionskip=\skip48
\bibindent=\dimen134
) (./setup/package.tex
(d:/texlive/2020/texmf-dist/tex/latex/algorithms/algorithm.sty
Package: algorithm 2009/08/24 v0.1 Document Style `algorithm' - floating enviro
nment

(d:/texlive/2020/texmf-dist/tex/latex/float/float.sty
Package: float 2001/11/08 v1.3d Float enhancements (AL)
\c@float@type=\count176
\float@exts=\toks15
\float@box=\box45
\@float@everytoks=\toks16
\@floatcapt=\box46
)
(d:/texlive/2020/texmf-dist/tex/latex/base/ifthen.sty
Package: ifthen 2014/09/29 v1.1c Standard LaTeX ifthen package (DPC)
)
\@float@every@algorithm=\toks17
\c@algorithm=\count177
)
(d:/texlive/2020/texmf-dist/tex/latex/pdfpages/pdfpages.sty
Package: pdfpages 2020/01/28 v0.5q Insert pages of external PDF documents (AM)

(d:/texlive/2020/texmf-dist/tex/latex/tools/calc.sty
Package: calc 2017/05/25 v4.3 Infix arithmetic (KKT,FJ)
\calc@Acount=\count178
\calc@Bcount=\count179
\calc@Adimen=\dimen135
\calc@Bdimen=\dimen136
\calc@Askip=\skip49
\calc@Bskip=\skip50
LaTeX Info: Redefining \setlength on input line 80.
LaTeX Info: Redefining \addtolength on input line 81.
\calc@Ccount=\count180
\calc@Cskip=\skip51
)
(d:/texlive/2020/texmf-dist/tex/latex/eso-pic/eso-pic.sty
Package: eso-pic 2018/04/12 v2.0h eso-pic (RN)

(d:/texlive/2020/texmf-dist/tex/generic/atbegshi/atbegshi.sty
Package: atbegshi 2019/12/05 v1.19 At begin shipout hook (HO)

(d:/texlive/2020/texmf-dist/tex/generic/infwarerr/infwarerr.sty
Package: infwarerr 2019/12/03 v1.5 Providing info/warning/error messages (HO)
)
(d:/texlive/2020/texmf-dist/tex/generic/ltxcmds/ltxcmds.sty
Package: ltxcmds 2019/12/15 v1.24 LaTeX kernel commands for general use (HO)
)
(d:/texlive/2020/texmf-dist/tex/generic/iftex/iftex.sty
Package: iftex 2020/03/06 v1.0d TeX engine tests
))
(d:/texlive/2020/texmf-dist/tex/latex/graphics/keyval.sty
Package: keyval 2014/10/28 v1.15 key=value parser (DPC)
\KV@toks@=\toks18
)
(d:/texlive/2020/texmf-dist/tex/latex/xcolor/xcolor.sty
Package: xcolor 2016/05/11 v2.12 LaTeX color extensions (UK)

(d:/texlive/2020/texmf-dist/tex/latex/graphics-cfg/color.cfg
File: color.cfg 2016/01/02 v1.6 sample color configuration
)
Package xcolor Info: Driver file: pdftex.def on input line 225.

(d:/texlive/2020/texmf-dist/tex/latex/graphics-def/pdftex.def
File: pdftex.def 2018/01/08 v1.0l Graphics/color driver for pdftex
)
Package xcolor Info: Model `cmy' substituted by `cmy0' on input line 1348.
Package xcolor Info: Model `hsb' substituted by `rgb' on input line 1352.
Package xcolor Info: Model `RGB' extended on input line 1364.
Package xcolor Info: Model `HTML' substituted by `rgb' on input line 1366.
Package xcolor Info: Model `Hsb' substituted by `hsb' on input line 1367.
Package xcolor Info: Model `tHsb' substituted by `hsb' on input line 1368.
Package xcolor Info: Model `HSB' substituted by `hsb' on input line 1369.
Package xcolor Info: Model `Gray' substituted by `gray' on input line 1370.
Package xcolor Info: Model `wave' substituted by `hsb' on input line 1371.
))
(d:/texlive/2020/texmf-dist/tex/latex/graphics/graphicx.sty
Package: graphicx 2019/11/30 v1.2a Enhanced LaTeX Graphics (DPC,SPQR)

(d:/texlive/2020/texmf-dist/tex/latex/graphics/graphics.sty
Package: graphics 2019/11/30 v1.4a Standard LaTeX Graphics (DPC,SPQR)

(d:/texlive/2020/texmf-dist/tex/latex/graphics/trig.sty
Package: trig 2016/01/03 v1.10 sin cos tan (DPC)
)
(d:/texlive/2020/texmf-dist/tex/latex/graphics-cfg/graphics.cfg
File: graphics.cfg 2016/06/04 v1.11 sample graphics configuration
)
Package graphics Info: Driver file: pdftex.def on input line 105.
)
\Gin@req@height=\dimen137
\Gin@req@width=\dimen138
)
\AM@pagewidth=\dimen139
\AM@pageheight=\dimen140

(d:/texlive/2020/texmf-dist/tex/latex/pdfpages/pppdftex.def
File: pppdftex.def 2020/01/28 v0.5q Pdfpages driver for pdfTeX (AM)
)
\AM@pagebox=\box47
\AM@global@opts=\toks19
\AM@pagecnt=\count181
\AM@toc@title=\toks20
\c@AM@survey=\count182
\AM@templatesizebox=\box48
)
(d:/texlive/2020/texmf-dist/tex/latex/algorithms/algorithmic.sty
Package: algorithmic 2009/08/24 v0.1 Document Style `algorithmic'
\c@ALC@unique=\count183
\c@ALC@line=\count184
\c@ALC@rem=\count185
\c@ALC@depth=\count186
\ALC@tlm=\skip52
\algorithmicindent=\skip53
)
(d:/texlive/2020/texmf-dist/tex/latex/geometry/geometry.sty
Package: geometry 2020/01/02 v5.9 Page Geometry

(d:/texlive/2020/texmf-dist/tex/generic/iftex/ifvtex.sty
Package: ifvtex 2019/10/25 v1.7 ifvtex legacy package. Use iftex instead.
)
\Gm@cnth=\count187
\Gm@cntv=\count188
\c@Gm@tempcnt=\count189
\Gm@bindingoffset=\dimen141
\Gm@wd@mp=\dimen142
\Gm@odd@mp=\dimen143
\Gm@even@mp=\dimen144
\Gm@layoutwidth=\dimen145
\Gm@layoutheight=\dimen146
\Gm@layouthoffset=\dimen147
\Gm@layoutvoffset=\dimen148
\Gm@dimlist=\toks21
)
(d:/texlive/2020/texmf-dist/tex/latex/titlesec/titlesec.sty
Package: titlesec 2019/10/16 v2.13 Sectioning titles
\ttl@box=\box49
\beforetitleunit=\skip54
\aftertitleunit=\skip55
\ttl@plus=\dimen149
\ttl@minus=\dimen150
\ttl@toksa=\toks22
\titlewidth=\dimen151
\titlewidthlast=\dimen152
\titlewidthfirst=\dimen153
)
(d:/texlive/2020/texmf-dist/tex/latex/titlesec/titletoc.sty
Package: titletoc 2019/10/16 v2.13 TOC entries
\ttl@leftsep=\dimen154
)
(d:/texlive/2020/texmf-dist/tex/latex/fancyhdr/fancyhdr.sty
Package: fancyhdr 2019/01/31 v3.10 Extensive control of page headers and footer
s
\f@nch@headwidth=\skip56
\f@nch@O@elh=\skip57
\f@nch@O@erh=\skip58
\f@nch@O@olh=\skip59
\f@nch@O@orh=\skip60
\f@nch@O@elf=\skip61
\f@nch@O@erf=\skip62
\f@nch@O@olf=\skip63
\f@nch@O@orf=\skip64
)
(d:/texlive/2020/texmf-dist/tex/latex/ctex/ctex.sty
(d:/texlive/2020/texmf-dist/tex/latex/l3kernel/expl3.sty
Package: expl3 2020-03-06 L3 programming layer (loader) 

(d:/texlive/2020/texmf-dist/tex/latex/l3backend/l3backend-pdfmode.def
File: l3backend-pdfmode.def 2020-03-12 L3 backend support: PDF mode
\l__kernel_color_stack_int=\count190
\l__pdf_internal_box=\box50
))
Package: ctex 2019/05/29 v2.4.16 Chinese adapter in LaTeX (CTEX)

(d:/texlive/2020/texmf-dist/tex/latex/l3packages/xparse/xparse.sty
Package: xparse 2020-03-06 L3 Experimental document command parser
\l__xparse_current_arg_int=\count191
\g__xparse_grabber_int=\count192
\l__xparse_m_args_int=\count193
\l__xparse_v_nesting_int=\count194
)
(d:/texlive/2020/texmf-dist/tex/latex/l3packages/l3keys2e/l3keys2e.sty
Package: l3keys2e 2020-03-06 LaTeX2e option processing using LaTeX3 keys
)
(d:/texlive/2020/texmf-dist/tex/latex/ctex/ctexhook.sty
Package: ctexhook 2019/05/29 v2.4.16 Document and package hooks (CTEX)
)
(d:/texlive/2020/texmf-dist/tex/latex/ctex/ctexpatch.sty
Package: ctexpatch 2019/05/29 v2.4.16 Patching commands (CTEX)
)
(d:/texlive/2020/texmf-dist/tex/latex/base/fix-cm.sty
Package: fix-cm 2015/01/14 v1.1t fixes to LaTeX

(d:/texlive/2020/texmf-dist/tex/latex/base/ts1enc.def
File: ts1enc.def 2001/06/05 v3.0e (jk/car/fm) Standard LaTeX file
LaTeX Font Info:    Redeclaring font encoding TS1 on input line 47.
))
(d:/texlive/2020/texmf-dist/tex/latex/ms/everysel.sty
Package: everysel 2011/10/28 v1.2 EverySelectfont Package (MS)
)
\l__ctex_tmp_int=\count195
\l__ctex_tmp_box=\box51
\l__ctex_tmp_dim=\dimen155
\g__ctex_section_depth_int=\count196
\g__ctex_font_size_int=\count197

(d:/texlive/2020/texmf-dist/tex/latex/ctex/config/ctexopts.cfg
File: ctexopts.cfg 2019/05/29 v2.4.16 Option configuration file (CTEX)
)
(d:/texlive/2020/texmf-dist/tex/latex/ctex/engine/ctex-engine-pdftex.def
File: ctex-engine-pdftex.def 2019/05/29 v2.4.16 (pdf)LaTeX adapter (CTEX)

(d:/texlive/2020/texmf-dist/tex/latex/cjk/texinput/CJKutf8.sty
Package: CJKutf8 2015/04/18 4.8.4

(d:/texlive/2020/texmf-dist/tex/generic/iftex/ifpdf.sty
Package: ifpdf 2019/10/25 v3.4 ifpdf legacy package. Use iftex instead.
)
(d:/texlive/2020/texmf-dist/tex/latex/base/inputenc.sty
Package: inputenc 2018/08/11 v1.3c Input encoding file
\inpenc@prehook=\toks23
\inpenc@posthook=\toks24
)
(d:/texlive/2020/texmf-dist/tex/latex/cjk/texinput/CJK.sty
Package: CJK 2015/04/18 4.8.4

(d:/texlive/2020/texmf-dist/tex/latex/cjk/texinput/mule/MULEenc.sty
Package: MULEenc 2015/04/18 4.8.4
)
(d:/texlive/2020/texmf-dist/tex/latex/cjk/texinput/CJK.enc
File: CJK.enc 2015/04/18 4.8.4
Now handling font encoding C00 ...
... no UTF-8 mapping file for font encoding C00
Now handling font encoding C05 ...
... no UTF-8 mapping file for font encoding C05
Now handling font encoding C09 ...
... no UTF-8 mapping file for font encoding C09
Now handling font encoding C10 ...
... no UTF-8 mapping file for font encoding C10
Now handling font encoding C20 ...
... no UTF-8 mapping file for font encoding C20
Now handling font encoding C19 ...
... no UTF-8 mapping file for font encoding C19
Now handling font encoding C40 ...
... no UTF-8 mapping file for font encoding C40
Now handling font encoding C42 ...
... no UTF-8 mapping file for font encoding C42
Now handling font encoding C43 ...
... no UTF-8 mapping file for font encoding C43
Now handling font encoding C50 ...
... no UTF-8 mapping file for font encoding C50
Now handling font encoding C52 ...
... no UTF-8 mapping file for font encoding C52
Now handling font encoding C49 ...
... no UTF-8 mapping file for font encoding C49
Now handling font encoding C60 ...
... no UTF-8 mapping file for font encoding C60
Now handling font encoding C61 ...
... no UTF-8 mapping file for font encoding C61
Now handling font encoding C63 ...
... no UTF-8 mapping file for font encoding C63
Now handling font encoding C64 ...
... no UTF-8 mapping file for font encoding C64
Now handling font encoding C65 ...
... no UTF-8 mapping file for font encoding C65
Now handling font encoding C70 ...
... no UTF-8 mapping file for font encoding C70
Now handling font encoding C31 ...
... no UTF-8 mapping file for font encoding C31
Now handling font encoding C32 ...
... no UTF-8 mapping file for font encoding C32
Now handling font encoding C33 ...
... no UTF-8 mapping file for font encoding C33
Now handling font encoding C34 ...
... no UTF-8 mapping file for font encoding C34
Now handling font encoding C35 ...
... no UTF-8 mapping file for font encoding C35
Now handling font encoding C36 ...
... no UTF-8 mapping file for font encoding C36
Now handling font encoding C37 ...
... no UTF-8 mapping file for font encoding C37
Now handling font encoding C80 ...
... no UTF-8 mapping file for font encoding C80
Now handling font encoding C81 ...
... no UTF-8 mapping file for font encoding C81
Now handling font encoding C01 ...
... no UTF-8 mapping file for font encoding C01
Now handling font encoding C11 ...
... no UTF-8 mapping file for font encoding C11
Now handling font encoding C21 ...
... no UTF-8 mapping file for font encoding C21
Now handling font encoding C41 ...
... no UTF-8 mapping file for font encoding C41
Now handling font encoding C62 ...
... no UTF-8 mapping file for font encoding C62
)
LaTeX Info: Redefining \selectfont on input line 755.
\CJK@indent=\box52
)
(d:/texlive/2020/texmf-dist/tex/latex/base/fontenc.sty
Package: fontenc 2020/02/11 v2.0o Standard LaTeX package
))
(d:/texlive/2020/texmf-dist/tex/latex/cjkpunct/CJKpunct.sty
Package: CJKpunct 2016/05/14 4.8.4
\CJKpunct@cnta=\count198
\CJKpunct@cntb=\count199
\CJKpunct@cntc=\count266
\CJKpunct@cntd=\count267
\CJKpunct@cnte=\count268
   defining Unicode char U+2018 (decimal 8216)
   defining Unicode char U+2019 (decimal 8217)
   defining Unicode char U+201C (decimal 8220)
   defining Unicode char U+201D (decimal 8221)
   defining Unicode char U+2014 (decimal 8212)
   defining Unicode char U+2026 (decimal 8230)

(d:/texlive/2020/texmf-dist/tex/latex/cjkpunct/CJKpunct.spa))
(d:/texlive/2020/texmf-dist/tex/latex/cjk/texinput/CJKspace.sty
Package: CJKspace 2015/04/18 3.8.0
)
(d:/texlive/2020/texmf-dist/tex/latex/ctex/ctexspa.def
File: ctexspa.def 2019/05/29 v2.4.16 Space info for CJKpunct (CTEX)
)
(d:/texlive/2020/texmf-dist/tex/latex/cjk/texinput/CJKfntef.sty
Package: CJKfntef 2015/04/18 4.8.4

(d:/texlive/2020/texmf-dist/tex/latex/cjk/texinput/CJKulem.sty
Package: CJKulem 2015/04/18 4.8.4

(d:/texlive/2020/texmf-dist/tex/generic/ulem/ulem.sty
\UL@box=\box53
\UL@hyphenbox=\box54
\UL@skip=\skip65
\UL@hook=\toks25
\UL@height=\dimen156
\UL@pe=\count269
\UL@pixel=\dimen157
\ULC@box=\box55
Package: ulem 2019/11/18
\ULdepth=\dimen158
)
\UL@lastkern=\dimen159
\CJK@skip=\skip66
)
\CJK@fntefSkip=\skip67
\CJK@nest=\count270
\CJK@fntefDimen=\dimen160
\CJK@underdotBox=\box56
\CJK@ULbox=\box57
\CJK@underanyskip=\dimen161
)
\ccwd=\dimen162
\l__ctex_ccglue_skip=\skip68
)
\l__ctex_ziju_dim=\dimen163

(d:/texlive/2020/texmf-dist/tex/latex/zhnumber/zhnumber.sty
Package: zhnumber 2019/04/07 v2.7 Typesetting numbers with Chinese glyphs
\l__zhnum_scale_int=\count271
\l__zhnum_byte_min_int=\count272
\l__zhnum_byte_max_int=\count273

(d:/texlive/2020/texmf-dist/tex/latex/zhnumber/zhnumber-utf8.cfg
File: zhnumber-utf8.cfg 2019/04/07 v2.7 Chinese numerals with UTF8 encoding
))
(d:/texlive/2020/texmf-dist/tex/latex/ctex/scheme/ctex-scheme-chinese.def
File: ctex-scheme-chinese.def 2019/05/29 v2.4.16 Chinese scheme for generic (CT
EX)

(d:/texlive/2020/texmf-dist/tex/latex/ctex/config/ctex-name-utf8.cfg
File: ctex-name-utf8.cfg 2019/05/29 v2.4.16 Caption with encoding UTF8 (CTEX)
))
(d:/texlive/2020/texmf-dist/tex/latex/tools/indentfirst.sty
Package: indentfirst 1995/11/23 v1.03 Indent first paragraph (DPC)
)
(d:/texlive/2020/texmf-dist/tex/latex/ctex/ctex-c5size.clo
File: ctex-c5size.clo 2019/05/29 v2.4.16 c5size option (CTEX)
)
(d:/texlive/2020/texmf-dist/tex/latex/ctex/fontset/ctex-fontset-windows.def
File: ctex-fontset-windows.def 2019/05/29 v2.4.16 Windows fonts definition (CTE
X)

(d:/texlive/2020/texmf-dist/tex/latex/ctex/fontset/ctex-fontset-windowsnew.def
File: ctex-fontset-windowsnew.def 2019/05/29 v2.4.16 Windows fonts definition f
or Vista or later version (CTEX)

(d:/texlive/2020/texmf-dist/tex/generic/ctex/zhwindowsfonts.tex
File: zhwindowsfonts.tex 2019/05/29 v2.4.16 Windows font map loader for pdfTeX 
and DVIPDFMx (CTEX)
{d:/texlive/2020/texmf-var/fonts/map/pdftex/updmap/pdftex.map}{UGBK.sfd}{Unicod
e.sfd}))))
(d:/texlive/2020/texmf-dist/tex/latex/ctex/config/ctex.cfg
File: ctex.cfg 2019/05/29 v2.4.16 Configuration file (CTEX)
)
(d:/texlive/2020/texmf-dist/tex/latex/cite/cite.sty
LaTeX Info: Redefining \cite on input line 302.
LaTeX Info: Redefining \nocite on input line 332.
Package: cite 2015/02/27  v 5.5
)
(d:/texlive/2020/texmf-dist/tex/latex/amsmath/amsmath.sty
Package: amsmath 2020/01/20 v2.17e AMS math features
\@mathmargin=\skip69

For additional information on amsmath, use the `?' option.
(d:/texlive/2020/texmf-dist/tex/latex/amsmath/amstext.sty
Package: amstext 2000/06/29 v2.01 AMS text

(d:/texlive/2020/texmf-dist/tex/latex/amsmath/amsgen.sty
File: amsgen.sty 1999/11/30 v2.0 generic functions
\@emptytoks=\toks26
\ex@=\dimen164
))
(d:/texlive/2020/texmf-dist/tex/latex/amsmath/amsbsy.sty
Package: amsbsy 1999/11/29 v1.2d Bold Symbols
\pmbraise@=\dimen165
)
(d:/texlive/2020/texmf-dist/tex/latex/amsmath/amsopn.sty
Package: amsopn 2016/03/08 v2.02 operator names
)
\inf@bad=\count274
LaTeX Info: Redefining \frac on input line 227.
\uproot@=\count275
\leftroot@=\count276
LaTeX Info: Redefining \overline on input line 389.
\classnum@=\count277
\DOTSCASE@=\count278
LaTeX Info: Redefining \ldots on input line 486.
LaTeX Info: Redefining \dots on input line 489.
LaTeX Info: Redefining \cdots on input line 610.
\Mathstrutbox@=\box58
\strutbox@=\box59
\big@size=\dimen166
LaTeX Font Info:    Redeclaring font encoding OML on input line 733.
LaTeX Font Info:    Redeclaring font encoding OMS on input line 734.
\macc@depth=\count279
\c@MaxMatrixCols=\count280
\dotsspace@=\muskip16
\c@parentequation=\count281
\dspbrk@lvl=\count282
\tag@help=\toks27
\row@=\count283
\column@=\count284
\maxfields@=\count285
\andhelp@=\toks28
\eqnshift@=\dimen167
\alignsep@=\dimen168
\tagshift@=\dimen169
\tagwidth@=\dimen170
\totwidth@=\dimen171
\lineht@=\dimen172
\@envbody=\toks29
\multlinegap=\skip70
\multlinetaggap=\skip71
\mathdisplay@stack=\toks30
LaTeX Info: Redefining \[ on input line 2859.
LaTeX Info: Redefining \] on input line 2860.
)
(d:/texlive/2020/texmf-dist/tex/latex/amsfonts/amssymb.sty
Package: amssymb 2013/01/14 v3.01 AMS font symbols

(d:/texlive/2020/texmf-dist/tex/latex/amsfonts/amsfonts.sty
Package: amsfonts 2013/01/14 v3.01 Basic AMSFonts support
\symAMSa=\mathgroup4
\symAMSb=\mathgroup5
LaTeX Font Info:    Redeclaring math symbol \hbar on input line 98.
LaTeX Font Info:    Overwriting math alphabet `\mathfrak' in version `bold'
(Font)                  U/euf/m/n --> U/euf/b/n on input line 106.
))
(d:/texlive/2020/texmf-dist/tex/latex/jknapltx/mathrsfs.sty
Package: mathrsfs 1996/01/01 Math RSFS package v1.0 (jk)
\symrsfs=\mathgroup6
)
(d:/texlive/2020/texmf-dist/tex/latex/cases/cases.sty
Package: cases 2020/03/10 ver 3.1
\numc@numwid=\dimen173
)
(d:/texlive/2020/texmf-dist/tex/latex/placeins/placeins.sty
Package: placeins 2005/04/18  v 2.2
)
(d:/texlive/2020/texmf-dist/tex/latex/base/flafter.sty
Package: flafter 2018/11/28 v1.4d Standard LaTeX floats after reference (FMi)
Applying: [2015/01/01] float order in 2-column on input line 49.
Already applied: [0000/00/00] float order in 2-column on input line 151.
)
(d:/texlive/2020/texmf-dist/tex/latex/multirow/multirow.sty
Package: multirow 2019/05/31 v2.5 Span multiple rows of a table
\multirow@colwidth=\skip72
\multirow@cntb=\count286
\multirow@dima=\skip73
\bigstrutjot=\dimen174
)
(d:/texlive/2020/texmf-dist/tex/latex/booktabs/booktabs.sty
Package: booktabs 2020/01/12 v1.61803398 Publication quality tables
\heavyrulewidth=\dimen175
\lightrulewidth=\dimen176
\cmidrulewidth=\dimen177
\belowrulesep=\dimen178
\belowbottomsep=\dimen179
\aboverulesep=\dimen180
\abovetopsep=\dimen181
\cmidrulesep=\dimen182
\cmidrulekern=\dimen183
\defaultaddspace=\dimen184
\@cmidla=\count287
\@cmidlb=\count288
\@aboverulesep=\dimen185
\@belowrulesep=\dimen186
\@thisruleclass=\count289
\@lastruleclass=\count290
\@thisrulewidth=\dimen187
)
(d:/texlive/2020/texmf-dist/tex/latex/tools/longtable.sty
Package: longtable 2020/01/07 v4.13 Multi-page Table package (DPC)
\LTleft=\skip74
\LTright=\skip75
\LTpre=\skip76
\LTpost=\skip77
\LTchunksize=\count291
\LTcapwidth=\dimen188
\LT@head=\box60
\LT@firsthead=\box61
\LT@foot=\box62
\LT@lastfoot=\box63
\LT@cols=\count292
\LT@rows=\count293
\c@LT@tables=\count294
\c@LT@chunks=\count295
\LT@p@ftn=\toks31
)
(d:/texlive/2020/texmf-dist/tex/latex/tools/tabularx.sty
Package: tabularx 2020/01/15 v2.11c `tabularx' package (DPC)

(d:/texlive/2020/texmf-dist/tex/latex/tools/array.sty
Package: array 2019/08/31 v2.4l Tabular extension package (FMi)
\col@sep=\dimen189
\ar@mcellbox=\box64
\extrarowheight=\dimen190
\NC@list=\toks32
\extratabsurround=\skip78
\backup@length=\skip79
\ar@cellbox=\box65
)
\TX@col@width=\dimen191
\TX@old@table=\dimen192
\TX@old@col=\dimen193
\TX@target=\dimen194
\TX@delta=\dimen195
\TX@cols=\count296
\TX@ftn=\toks33
)
(d:/texlive/2020/texmf-dist/tex/latex/setspace/setspace.sty
Package: setspace 2011/12/19 v6.7a set line spacing
)
(d:/texlive/2020/texmf-dist/tex/latex/subfigure/subfigure.sty
Package: subfigure 2002/03/15 v2.1.5 subfigure package
\subfigtopskip=\skip80
\subfigcapskip=\skip81
\subfigcaptopadj=\dimen196
\subfigbottomskip=\skip82
\subfigcapmargin=\dimen197
\subfiglabelskip=\skip83
\c@subfigure=\count297
\c@lofdepth=\count298
\c@subtable=\count299
\c@lotdepth=\count300

****************************************
* Local config file subfigure.cfg used *
****************************************
(d:/texlive/2020/texmf-dist/tex/latex/subfigure/subfigure.cfg)
\subfig@top=\skip84
\subfig@bottom=\skip85
)
(d:/texlive/2020/texmf-dist/tex/latex/ccaption/ccaption.sty
Package: ccaption 2011/08/07 v3.2c Extended captioning and new floats
\@contcwidth=\skip86
\@contindw=\skip87
\abovelegendskip=\skip88
\belowlegendskip=\skip89
\c@@contsubnum=\count301
\c@newflo@tctr=\count302
)
(d:/texlive/2020/texmf-dist/tex/latex/natbib/natbib.sty
Package: natbib 2010/09/13 8.31b (PWD, AO)


Package natbib Warning: The `cite' package should not be used
(natbib)                with natbib. Use option `sort' instead.

\bibhang=\skip90
\bibsep=\skip91
LaTeX Info: Redefining \cite on input line 694.
LaTeX Info: Redefining \citenum on input line 708.
\c@NAT@ctr=\count303
) (d:/texlive/2020/texmf-dist/tex/latex/enumitem/enumitem.sty
Package: enumitem 2019/06/20 v3.9 Customized lists
\labelindent=\skip92
\enit@outerparindent=\dimen198
\enit@toks=\toks34
\enit@inbox=\box66
\enit@count@id=\count304
\enitdp@description=\count305
)
(d:/texlive/2020/texmf-dist/tex/latex/txfonts/txfonts.sty
Package: txfonts 2008/01/22 v3.2.1
LaTeX Font Info:    Redeclaring symbol font `operators' on input line 21.
LaTeX Font Info:    Overwriting symbol font `operators' in version `normal'
(Font)                  OT1/cmr/m/n --> OT1/txr/m/n on input line 21.
LaTeX Font Info:    Overwriting symbol font `operators' in version `bold'
(Font)                  OT1/cmr/bx/n --> OT1/txr/m/n on input line 21.
LaTeX Font Info:    Overwriting symbol font `operators' in version `bold'
(Font)                  OT1/txr/m/n --> OT1/txr/bx/n on input line 22.
\symitalic=\mathgroup7
LaTeX Font Info:    Overwriting symbol font `italic' in version `bold'
(Font)                  OT1/txr/m/it --> OT1/txr/bx/it on input line 26.
LaTeX Font Info:    Redeclaring math alphabet \mathbf on input line 29.
LaTeX Font Info:    Overwriting math alphabet `\mathbf' in version `normal'
(Font)                  OT1/cmr/bx/n --> OT1/txr/bx/n on input line 29.
LaTeX Font Info:    Overwriting math alphabet `\mathbf' in version `bold'
(Font)                  OT1/cmr/bx/n --> OT1/txr/bx/n on input line 29.
LaTeX Font Info:    Redeclaring math alphabet \mathit on input line 30.
LaTeX Font Info:    Overwriting math alphabet `\mathit' in version `normal'
(Font)                  OT1/cmr/m/it --> OT1/txr/m/it on input line 30.
LaTeX Font Info:    Overwriting math alphabet `\mathit' in version `bold'
(Font)                  OT1/cmr/bx/it --> OT1/txr/m/it on input line 30.
LaTeX Font Info:    Overwriting math alphabet `\mathit' in version `bold'
(Font)                  OT1/txr/m/it --> OT1/txr/bx/it on input line 31.
LaTeX Font Info:    Redeclaring math alphabet \mathsf on input line 40.
LaTeX Font Info:    Overwriting math alphabet `\mathsf' in version `normal'
(Font)                  OT1/cmss/m/n --> OT1/txss/m/n on input line 40.
LaTeX Font Info:    Overwriting math alphabet `\mathsf' in version `bold'
(Font)                  OT1/cmss/bx/n --> OT1/txss/m/n on input line 40.
LaTeX Font Info:    Overwriting math alphabet `\mathsf' in version `bold'
(Font)                  OT1/txss/m/n --> OT1/txss/b/n on input line 41.
LaTeX Font Info:    Redeclaring math alphabet \mathtt on input line 50.
LaTeX Font Info:    Overwriting math alphabet `\mathtt' in version `normal'
(Font)                  OT1/cmtt/m/n --> OT1/txtt/m/n on input line 50.
LaTeX Font Info:    Overwriting math alphabet `\mathtt' in version `bold'
(Font)                  OT1/cmtt/m/n --> OT1/txtt/m/n on input line 50.
LaTeX Font Info:    Overwriting math alphabet `\mathtt' in version `bold'
(Font)                  OT1/txtt/m/n --> OT1/txtt/b/n on input line 51.
LaTeX Font Info:    Redeclaring symbol font `letters' on input line 58.
LaTeX Font Info:    Overwriting symbol font `letters' in version `normal'
(Font)                  OML/cmm/m/it --> OML/txmi/m/it on input line 58.
LaTeX Font Info:    Overwriting symbol font `letters' in version `bold'
(Font)                  OML/cmm/b/it --> OML/txmi/m/it on input line 58.
LaTeX Font Info:    Overwriting symbol font `letters' in version `bold'
(Font)                  OML/txmi/m/it --> OML/txmi/bx/it on input line 59.
\symlettersA=\mathgroup8
LaTeX Font Info:    Overwriting symbol font `lettersA' in version `bold'
(Font)                  U/txmia/m/it --> U/txmia/bx/it on input line 67.
LaTeX Font Info:    Redeclaring math alphabet \mathfrak on input line 70.
LaTeX Font Info:    Redeclaring symbol font `symbols' on input line 77.
LaTeX Font Info:    Overwriting symbol font `symbols' in version `normal'
(Font)                  OMS/cmsy/m/n --> OMS/txsy/m/n on input line 77.
LaTeX Font Info:    Overwriting symbol font `symbols' in version `bold'
(Font)                  OMS/cmsy/b/n --> OMS/txsy/m/n on input line 77.
LaTeX Font Info:    Overwriting symbol font `symbols' in version `bold'
(Font)                  OMS/txsy/m/n --> OMS/txsy/bx/n on input line 78.
LaTeX Font Info:    Redeclaring symbol font `AMSa' on input line 93.
LaTeX Font Info:    Overwriting symbol font `AMSa' in version `normal'
(Font)                  U/msa/m/n --> U/txsya/m/n on input line 93.
LaTeX Font Info:    Overwriting symbol font `AMSa' in version `bold'
(Font)                  U/msa/m/n --> U/txsya/m/n on input line 93.
LaTeX Font Info:    Overwriting symbol font `AMSa' in version `bold'
(Font)                  U/txsya/m/n --> U/txsya/bx/n on input line 94.
LaTeX Font Info:    Redeclaring symbol font `AMSb' on input line 102.
LaTeX Font Info:    Overwriting symbol font `AMSb' in version `normal'
(Font)                  U/msb/m/n --> U/txsyb/m/n on input line 102.
LaTeX Font Info:    Overwriting symbol font `AMSb' in version `bold'
(Font)                  U/msb/m/n --> U/txsyb/m/n on input line 102.
LaTeX Font Info:    Overwriting symbol font `AMSb' in version `bold'
(Font)                  U/txsyb/m/n --> U/txsyb/bx/n on input line 103.
\symsymbolsC=\mathgroup9
LaTeX Font Info:    Overwriting symbol font `symbolsC' in version `bold'
(Font)                  U/txsyc/m/n --> U/txsyc/bx/n on input line 113.
LaTeX Font Info:    Redeclaring symbol font `largesymbols' on input line 120.
LaTeX Font Info:    Overwriting symbol font `largesymbols' in version `normal'
(Font)                  OMX/cmex/m/n --> OMX/txex/m/n on input line 120.
LaTeX Font Info:    Overwriting symbol font `largesymbols' in version `bold'
(Font)                  OMX/cmex/m/n --> OMX/txex/m/n on input line 120.
LaTeX Font Info:    Overwriting symbol font `largesymbols' in version `bold'
(Font)                  OMX/txex/m/n --> OMX/txex/bx/n on input line 121.
\symlargesymbolsA=\mathgroup10
LaTeX Font Info:    Overwriting symbol font `largesymbolsA' in version `bold'
(Font)                  U/txexa/m/n --> U/txexa/bx/n on input line 129.
LaTeX Font Info:    Redeclaring math symbol \mathsterling on input line 164.
LaTeX Info: Redefining \not on input line 1043.
)
(d:/texlive/2020/texmf-dist/tex/latex/tools/bm.sty
Package: bm 2019/07/24 v1.2d Bold Symbol Support (DPC/FMi)
\symboldoperators=\mathgroup11
\symboldletters=\mathgroup12
\symboldsymbols=\mathgroup13
\symboldlargesymbols=\mathgroup14
LaTeX Font Info:    Redeclaring math alphabet \mathbf on input line 141.
LaTeX Info: Redefining \bm on input line 209.
)
(d:/texlive/2020/texmf-dist/tex/latex/ntheorem/ntheorem.sty
Style `ntheorem', Version 1.33 <2011/08/15>
Package: ntheorem 2011/08/15 1.33
\theorem@style=\toks35
\theorem@@style=\toks36
\theorembodyfont=\toks37
\theoremnumbering=\toks38
\theorempreskipamount=\skip93
\theorempostskipamount=\skip94
\theoremframepreskipamount=\skip95
\theoremframepostskipamount=\skip96
\theoreminframepreskipamount=\skip97
\theoreminframepostskipamount=\skip98
\theorem@preskip=\toks39
\theorem@postskip=\toks40
\theorem@framepreskip=\toks41
\theorem@framepostskip=\toks42
\theorem@inframepreskip=\toks43
\theorem@inframepostskip=\toks44
\theoremindent=\dimen199
\theorem@indent=\dimen256
\theoremrightindent=\dimen257
\theorem@rightindent=\dimen258
\theoremheaderfont=\toks45
\theoremseparator=\toks46
\theoremprework=\toks47
\theorempostwork=\toks48
\theoremsymbol=\toks49
\qedsymbol=\toks50
\theoremkeyword=\toks51
\qedsymbol=\toks52
\thm@topsep=\skip99
\thm@topsepadd=\skip100
Package ntheorem Info: Option `thmmarks' loaded on input line 1175.
\c@endNonectr=\count306
\c@currNonectr=\count307
\mysavskip=\skip101
Package ntheorem Info: option `amsmath' handling for `thmmarks' loaded on input
 line 1175.
\thm@amstmpdepth=\dimen259
\tagwidth=\dimen260
) (d:/texlive/2020/texmf-dist/tex/latex/cjk/texinput/CJKnumb.sty
Package: CJKnumb 2015/04/18 4.8.4
\CJK@q=\count308
\CJK@r=\count309
)
(d:/texlive/2020/texmf-dist/tex/latex/lastpage/lastpage.sty
Package: lastpage 2015/03/29 v1.2m Refers to last page's name (HMM; JPG)
)
(d:/texlive/2020/texmf-dist/tex/latex/tools/layout.sty
Package: layout 2014/10/28 v1.2c Show layout parameters
\oneinch=\count310
\cnt@paperwidth=\count311
\cnt@paperheight=\count312
\cnt@hoffset=\count313
\cnt@voffset=\count314
\cnt@textheight=\count315
\cnt@textwidth=\count316
\cnt@topmargin=\count317
\cnt@oddsidemargin=\count318
\cnt@evensidemargin=\count319
\cnt@headheight=\count320
\cnt@headsep=\count321
\cnt@marginparsep=\count322
\cnt@marginparwidth=\count323
\cnt@marginparpush=\count324
\cnt@footskip=\count325
\fheight=\count326
\ref@top=\count327
\ref@hoffset=\count328
\ref@voffset=\count329
\ref@head=\count330
\ref@body=\count331
\ref@foot=\count332
\ref@margin=\count333
\ref@marginwidth=\count334
\ref@marginpar=\count335
\Interval=\count336
\ExtraYPos=\count337
\PositionX=\count338
\PositionY=\count339
\ArrowLength=\count340
)
(d:/texlive/2020/texmf-dist/tex/latex/tocloft/tocloft.sty
Package: tocloft 2017/08/31 v2.3i parameterised ToC, etc., typesetting
Package tocloft Info: The document has chapter divisions on input line 51.
\cftparskip=\skip102
\cftbeforetoctitleskip=\skip103
\cftaftertoctitleskip=\skip104
\cftbeforepartskip=\skip105
\cftpartnumwidth=\skip106
\cftpartindent=\skip107
\cftbeforechapskip=\skip108
\cftchapindent=\skip109
\cftchapnumwidth=\skip110
\cftbeforesecskip=\skip111
\cftsecindent=\skip112
\cftsecnumwidth=\skip113
\cftbeforesubsecskip=\skip114
\cftsubsecindent=\skip115
\cftsubsecnumwidth=\skip116
\cftbeforesubsubsecskip=\skip117
\cftsubsubsecindent=\skip118
\cftsubsubsecnumwidth=\skip119
\cftbeforeparaskip=\skip120
\cftparaindent=\skip121
\cftparanumwidth=\skip122
\cftbeforesubparaskip=\skip123
\cftsubparaindent=\skip124
\cftsubparanumwidth=\skip125
\cftbeforeloftitleskip=\skip126
\cftafterloftitleskip=\skip127
\cftbeforefigskip=\skip128
\cftfigindent=\skip129
\cftfignumwidth=\skip130
\cftbeforelottitleskip=\skip131
\cftafterlottitleskip=\skip132
\cftbeforetabskip=\skip133
\cfttabindent=\skip134
\cfttabnumwidth=\skip135
\cftbeforesubfigskip=\skip136
\cftsubfigindent=\skip137
\cftsubfignumwidth=\skip138
\cftbeforesubtabskip=\skip139
\cftsubtabindent=\skip140
\cftsubtabnumwidth=\skip141
)
(d:/texlive/2020/texmf-dist/tex/latex/hyperref/hyperref.sty
Package: hyperref 2020/01/14 v7.00d Hypertext links for LaTeX

(d:/texlive/2020/texmf-dist/tex/latex/pdftexcmds/pdftexcmds.sty
Package: pdftexcmds 2019/11/24 v0.31 Utility functions of pdfTeX for LuaTeX (HO
)
Package pdftexcmds Info: \pdf@primitive is available.
Package pdftexcmds Info: \pdf@ifprimitive is available.
Package pdftexcmds Info: \pdfdraftmode found.
)
(d:/texlive/2020/texmf-dist/tex/generic/kvsetkeys/kvsetkeys.sty
Package: kvsetkeys 2019/12/15 v1.18 Key value parser (HO)
)
(d:/texlive/2020/texmf-dist/tex/generic/kvdefinekeys/kvdefinekeys.sty
Package: kvdefinekeys 2019-12-19 v1.6 Define keys (HO)
)
(d:/texlive/2020/texmf-dist/tex/generic/pdfescape/pdfescape.sty
Package: pdfescape 2019/12/09 v1.15 Implements pdfTeX's escape features (HO)
)
(d:/texlive/2020/texmf-dist/tex/latex/hycolor/hycolor.sty
Package: hycolor 2020-01-27 v1.10 Color options for hyperref/bookmark (HO)
)
(d:/texlive/2020/texmf-dist/tex/latex/letltxmacro/letltxmacro.sty
Package: letltxmacro 2019/12/03 v1.6 Let assignment for LaTeX macros (HO)
)
(d:/texlive/2020/texmf-dist/tex/latex/auxhook/auxhook.sty
Package: auxhook 2019-12-17 v1.6 Hooks for auxiliary files (HO)
)
(d:/texlive/2020/texmf-dist/tex/latex/kvoptions/kvoptions.sty
Package: kvoptions 2019/11/29 v3.13 Key value format for package options (HO)
)
\@linkdim=\dimen261
\Hy@linkcounter=\count341
\Hy@pagecounter=\count342

(d:/texlive/2020/texmf-dist/tex/latex/hyperref/pd1enc.def
File: pd1enc.def 2020/01/14 v7.00d Hyperref: PDFDocEncoding definition (HO)
Now handling font encoding PD1 ...
... no UTF-8 mapping file for font encoding PD1
)
(d:/texlive/2020/texmf-dist/tex/generic/intcalc/intcalc.sty
Package: intcalc 2019/12/15 v1.3 Expandable calculations with integers (HO)
)
(d:/texlive/2020/texmf-dist/tex/generic/etexcmds/etexcmds.sty
Package: etexcmds 2019/12/15 v1.7 Avoid name clashes with e-TeX commands (HO)
)
\Hy@SavedSpaceFactor=\count343
Package hyperref Info: Option `unicode' set `true' on input line 4421.

(d:/texlive/2020/texmf-dist/tex/latex/hyperref/puenc.def
File: puenc.def 2020/01/14 v7.00d Hyperref: PDF Unicode definition (HO)
Now handling font encoding PU ...
... no UTF-8 mapping file for font encoding PU
)
Package hyperref Info: Option `unicode' set `true' on input line 4421.
Package hyperref Info: Option `bookmarksnumbered' set `true' on input line 4421
.
Package hyperref Info: Option `bookmarksopen' set `true' on input line 4421.
Package hyperref Info: Option `colorlinks' set `true' on input line 4421.
Package hyperref Info: Option `breaklinks' set `true' on input line 4421.
Package hyperref Info: Hyper figures OFF on input line 4547.
Package hyperref Info: Link nesting OFF on input line 4552.
Package hyperref Info: Hyper index ON on input line 4555.
Package hyperref Info: Plain pages OFF on input line 4562.
Package hyperref Info: Backreferencing OFF on input line 4567.
Package hyperref Info: Implicit mode ON; LaTeX internals redefined.
Package hyperref Info: Bookmarks ON on input line 4800.
\c@Hy@tempcnt=\count344

(d:/texlive/2020/texmf-dist/tex/latex/url/url.sty
\Urlmuskip=\muskip17
Package: url 2013/09/16  ver 3.4  Verb mode for urls, etc.
)
LaTeX Info: Redefining \url on input line 5159.
\XeTeXLinkMargin=\dimen262

(d:/texlive/2020/texmf-dist/tex/generic/bitset/bitset.sty
Package: bitset 2019/12/09 v1.3 Handle bit-vector datatype (HO)

(d:/texlive/2020/texmf-dist/tex/generic/bigintcalc/bigintcalc.sty
Package: bigintcalc 2019/12/15 v1.5 Expandable calculations on big integers (HO
)
))
\Fld@menulength=\count345
\Field@Width=\dimen263
\Fld@charsize=\dimen264
Package hyperref Info: Hyper figures OFF on input line 6430.
Package hyperref Info: Link nesting OFF on input line 6435.
Package hyperref Info: Hyper index ON on input line 6438.
Package hyperref Info: backreferencing OFF on input line 6445.
Package hyperref Info: Link coloring ON on input line 6448.
Package hyperref Info: Link coloring with OCG OFF on input line 6455.
Package hyperref Info: PDF/A mode OFF on input line 6460.
LaTeX Info: Redefining \ref on input line 6500.
LaTeX Info: Redefining \pageref on input line 6504.
\Hy@abspage=\count346
\c@Item=\count347
\c@Hfootnote=\count348
)
Package hyperref Info: Driver (autodetected): hpdftex.

(d:/texlive/2020/texmf-dist/tex/latex/hyperref/hpdftex.def
File: hpdftex.def 2020/01/14 v7.00d Hyperref driver for pdfTeX

(d:/texlive/2020/texmf-dist/tex/latex/atveryend/atveryend.sty
Package: atveryend 2019-12-11 v1.11 Hooks at the very end of document (HO)
Package atveryend Info: \enddocument detected (standard20110627).
)
\Fld@listcount=\count349
\c@bookmark@seq@number=\count350

(d:/texlive/2020/texmf-dist/tex/latex/rerunfilecheck/rerunfilecheck.sty
Package: rerunfilecheck 2019/12/05 v1.9 Rerun checks for auxiliary files (HO)

(d:/texlive/2020/texmf-dist/tex/generic/uniquecounter/uniquecounter.sty
Package: uniquecounter 2019/12/15 v1.4 Provide unlimited unique counter (HO)
)
Package uniquecounter Info: New unique counter `rerunfilecheck' on input line 2
86.
)
\Hy@SectionHShift=\skip142
)
(d:/texlive/2020/texmf-dist/tex/latex/was/upgreek.sty
Package: upgreek 2003/02/12 v2.0 (WaS)
Package upgreek Info: Using Euler Roman for upright Greek on input line 31.
\symugrf@m=\mathgroup15
LaTeX Font Info:    Overwriting symbol font `ugrf@m' in version `bold'
(Font)                  U/eur/m/n --> U/eur/b/n on input line 38.
)
(d:/texlive/2020/texmf-dist/tex/latex/diagbox/diagbox.sty
Package: diagbox 2020/02/09 v2.3 Making table heads with diagonal lines

(d:/texlive/2020/texmf-dist/tex/latex/pict2e/pict2e.sty
Package: pict2e 2019/08/20 v0.3c Improved picture commands (HjG,RN,JT)

(d:/texlive/2020/texmf-dist/tex/latex/pict2e/pict2e.cfg
File: pict2e.cfg 2016/02/05 v0.1u pict2e configuration for teTeX/TeXLive
)
Package pict2e Info: Driver file: pdftex.def on input line 119.
Package pict2e Info: Driver file for pict2e: p2e-pdftex.def on input line 121.

(d:/texlive/2020/texmf-dist/tex/latex/pict2e/p2e-pdftex.def
File: p2e-pdftex.def 2016/02/05 v0.1u Driver-dependant file (RN,HjG,JT)
)
\pIIe@GRAPH=\toks53
\@arclen=\dimen265
\@arcrad=\dimen266
\@tempdimd=\dimen267
)
\diagbox@boxa=\box67
\diagbox@boxb=\box68
\diagbox@boxm=\box69
\diagbox@wd=\dimen268
\diagbox@ht=\dimen269
\diagbox@insepl=\dimen270
\diagbox@insepr=\dimen271
\diagbox@outsepl=\dimen272
\diagbox@outsepr=\dimen273
)
(d:/texlive/2020/texmf-dist/tex/latex/bookmark/bookmark.sty
Package: bookmark 2019/12/03 v1.28 PDF bookmarks (HO)

(d:/texlive/2020/texmf-dist/tex/latex/bookmark/bkm-pdftex.def
File: bkm-pdftex.def 2019/12/03 v1.28 bookmark driver for pdfTeX (HO)
\BKM@id=\count351
)))
(d:/texlive/2020/texmf-dist/tex/latex/cjk/texinput/UTF8/UTF8.bdg
File: UTF8.bdg 2015/04/18 4.8.4
)
(d:/texlive/2020/texmf-dist/tex/latex/cjk/texinput/UTF8/UTF8.enc
File: UTF8.enc 2015/04/18 4.8.4
)
(d:/texlive/2020/texmf-dist/tex/latex/cjk/texinput/UTF8/UTF8.chr
File: UTF8.chr 2015/04/18 4.8.4
)

LaTeX Warning: Unused global option(s):
    [12.5pt].

(./hnumain.aux (./body/chapter1.aux) (./body/chapter3.aux

LaTeX Warning: Label `fig:314' multiply defined.


LaTeX Warning: Label `fig:310' multiply defined.


LaTeX Warning: Label `fig:310' multiply defined.

) (./body/chapter4.aux) (./body/chapter2.aux

LaTeX Warning: Label `tab:table1' multiply defined.


LaTeX Warning: Label `tab:table1' multiply defined.


LaTeX Warning: Label `tab:table1' multiply defined.

) (./body/conclusion.aux) (./appendix/acknowledgements.aux)
(./appendix/publications.aux))
\openout1 = `hnumain.aux'.

LaTeX Font Info:    Checking defaults for OML/txmi/m/it on input line 13.
LaTeX Font Info:    Trying to load font information for OML+txmi on input line 
13.

(d:/texlive/2020/texmf-dist/tex/latex/txfonts/omltxmi.fd
File: omltxmi.fd 2000/12/15 v3.1
)
LaTeX Font Info:    ... okay on input line 13.
LaTeX Font Info:    Checking defaults for OMS/txsy/m/n on input line 13.
LaTeX Font Info:    Trying to load font information for OMS+txsy on input line 
13.

(d:/texlive/2020/texmf-dist/tex/latex/txfonts/omstxsy.fd
File: omstxsy.fd 2000/12/15 v3.1
)
LaTeX Font Info:    ... okay on input line 13.
LaTeX Font Info:    Checking defaults for OT1/cmr/m/n on input line 13.
LaTeX Font Info:    ... okay on input line 13.
LaTeX Font Info:    Checking defaults for T1/cmr/m/n on input line 13.
LaTeX Font Info:    ... okay on input line 13.
LaTeX Font Info:    Checking defaults for TS1/cmr/m/n on input line 13.
LaTeX Font Info:    ... okay on input line 13.
LaTeX Font Info:    Checking defaults for OMX/txex/m/n on input line 13.
LaTeX Font Info:    Trying to load font information for OMX+txex on input line 
13.

(d:/texlive/2020/texmf-dist/tex/latex/txfonts/omxtxex.fd
File: omxtxex.fd 2000/12/15 v3.1
)
LaTeX Font Info:    ... okay on input line 13.
LaTeX Font Info:    Checking defaults for U/txexa/m/n on input line 13.
LaTeX Font Info:    Trying to load font information for U+txexa on input line 1
3.

(d:/texlive/2020/texmf-dist/tex/latex/txfonts/utxexa.fd
File: utxexa.fd 2000/12/15 v3.1
)
LaTeX Font Info:    ... okay on input line 13.
LaTeX Font Info:    Checking defaults for C00/song/m/n on input line 13.
LaTeX Font Info:    ... okay on input line 13.
LaTeX Font Info:    Checking defaults for C05/song/m/n on input line 13.
LaTeX Font Info:    ... okay on input line 13.
LaTeX Font Info:    Checking defaults for C09/song/m/n on input line 13.
LaTeX Font Info:    ... okay on input line 13.
LaTeX Font Info:    Checking defaults for C10/song/m/n on input line 13.
LaTeX Font Info:    ... okay on input line 13.
LaTeX Font Info:    Checking defaults for C20/song/m/n on input line 13.
LaTeX Font Info:    ... okay on input line 13.
LaTeX Font Info:    Checking defaults for C19/song/m/n on input line 13.
LaTeX Font Info:    ... okay on input line 13.
LaTeX Font Info:    Checking defaults for C40/song/m/n on input line 13.
LaTeX Font Info:    ... okay on input line 13.
LaTeX Font Info:    Checking defaults for C42/song/m/n on input line 13.
LaTeX Font Info:    ... okay on input line 13.
LaTeX Font Info:    Checking defaults for C43/song/m/n on input line 13.
LaTeX Font Info:    ... okay on input line 13.
LaTeX Font Info:    Checking defaults for C50/song/m/n on input line 13.
LaTeX Font Info:    ... okay on input line 13.
LaTeX Font Info:    Checking defaults for C52/song/m/n on input line 13.
LaTeX Font Info:    ... okay on input line 13.
LaTeX Font Info:    Checking defaults for C49/song/m/n on input line 13.
LaTeX Font Info:    ... okay on input line 13.
LaTeX Font Info:    Checking defaults for C60/mj/m/n on input line 13.
LaTeX Font Info:    ... okay on input line 13.
LaTeX Font Info:    Checking defaults for C61/mj/m/n on input line 13.
LaTeX Font Info:    ... okay on input line 13.
LaTeX Font Info:    Checking defaults for C63/mj/m/n on input line 13.
LaTeX Font Info:    ... okay on input line 13.
LaTeX Font Info:    Checking defaults for C64/mj/m/n on input line 13.
LaTeX Font Info:    ... okay on input line 13.
LaTeX Font Info:    Checking defaults for C65/mj/m/n on input line 13.
LaTeX Font Info:    ... okay on input line 13.
LaTeX Font Info:    Checking defaults for C70/song/m/n on input line 13.
LaTeX Font Info:    ... okay on input line 13.
LaTeX Font Info:    Checking defaults for C31/song/m/n on input line 13.
LaTeX Font Info:    ... okay on input line 13.
LaTeX Font Info:    Checking defaults for C32/song/m/n on input line 13.
LaTeX Font Info:    ... okay on input line 13.
LaTeX Font Info:    Checking defaults for C33/song/m/n on input line 13.
LaTeX Font Info:    ... okay on input line 13.
LaTeX Font Info:    Checking defaults for C34/song/m/n on input line 13.
LaTeX Font Info:    ... okay on input line 13.
LaTeX Font Info:    Checking defaults for C35/song/m/n on input line 13.
LaTeX Font Info:    ... okay on input line 13.
LaTeX Font Info:    Checking defaults for C36/song/m/n on input line 13.
LaTeX Font Info:    ... okay on input line 13.
LaTeX Font Info:    Checking defaults for C37/song/m/n on input line 13.
LaTeX Font Info:    ... okay on input line 13.
LaTeX Font Info:    Checking defaults for C80/song/m/n on input line 13.
LaTeX Font Info:    ... okay on input line 13.
LaTeX Font Info:    Checking defaults for C81/song/m/n on input line 13.
LaTeX Font Info:    ... okay on input line 13.
LaTeX Font Info:    Checking defaults for C01/song/m/n on input line 13.
LaTeX Font Info:    ... okay on input line 13.
LaTeX Font Info:    Checking defaults for C11/song/m/n on input line 13.
LaTeX Font Info:    ... okay on input line 13.
LaTeX Font Info:    Checking defaults for C21/song/m/n on input line 13.
LaTeX Font Info:    ... okay on input line 13.
LaTeX Font Info:    Checking defaults for C41/song/m/n on input line 13.
LaTeX Font Info:    ... okay on input line 13.
LaTeX Font Info:    Checking defaults for C62/song/m/n on input line 13.
LaTeX Font Info:    ... okay on input line 13.
LaTeX Font Info:    Checking defaults for PD1/pdf/m/n on input line 13.
LaTeX Font Info:    ... okay on input line 13.
LaTeX Font Info:    Checking defaults for PU/pdf/m/n on input line 13.
LaTeX Font Info:    ... okay on input line 13.
LaTeX Font Info:    Trying to load font information for OT1+txr on input line 1
3.

(d:/texlive/2020/texmf-dist/tex/latex/txfonts/ot1txr.fd
File: ot1txr.fd 2000/12/15 v3.1
)
\AtBeginShipoutBox=\box70

(d:/texlive/2020/texmf-dist/tex/context/base/mkii/supp-pdf.mkii
[Loading MPS to PDF converter (version 2006.09.02).]
\scratchcounter=\count352
\scratchdimen=\dimen274
\scratchbox=\box71
\nofMPsegments=\count353
\nofMParguments=\count354
\everyMPshowfont=\toks54
\MPscratchCnt=\count355
\MPscratchDim=\dimen275
\MPnumerator=\count356
\makeMPintoPDFobject=\count357
\everyMPtoPDFconversion=\toks55
) (d:/texlive/2020/texmf-dist/tex/latex/epstopdf-pkg/epstopdf-base.sty
Package: epstopdf-base 2020-01-24 v2.11 Base part for package epstopdf
Package epstopdf-base Info: Redefining graphics rule for `.eps' on input line 4
85.

(d:/texlive/2020/texmf-dist/tex/latex/latexconfig/epstopdf-sys.cfg
File: epstopdf-sys.cfg 2010/07/13 v1.3 Configuration of (r)epstopdf for TeX Liv
e
))
(d:/texlive/2020/texmf-dist/tex/latex/pdflscape/pdflscape.sty
Package: pdflscape 2019/12/05 v0.12 Display of landscape pages in PDF (HO)

(d:/texlive/2020/texmf-dist/tex/latex/graphics/lscape.sty
Package: lscape 2000/10/22 v3.01 Landscape Pages (DPC)
)
Package pdflscape Info: Auto-detected driver: pdftex on input line 81.
)
*geometry* driver: auto-detecting
*geometry* detected driver: pdftex
*geometry* verbose mode - [ preamble ] result:
* driver: pdftex
* paper: a4paper
* layout: <same size as paper>
* layoutoffset:(h,v)=(0.0pt,0.0pt)
* modes: twoside 
* h-part:(L,W,R)=(71.13188pt, 455.24411pt, 71.13188pt)
* v-part:(T,H,B)=(56.9055pt, 717.00946pt, 71.13188pt)
* \paperwidth=597.50787pt
* \paperheight=845.04684pt
* \textwidth=455.24411pt
* \textheight=717.00946pt
* \oddsidemargin=-1.1381pt
* \evensidemargin=-1.1381pt
* \topmargin=-46.66225pt
* \headheight=11.38092pt
* \headsep=19.91684pt
* \topskip=10.0pt
* \footskip=31.2982pt
* \marginparwidth=115.0pt
* \marginparsep=7.0pt
* \columnsep=10.0pt
* \skip\footins=9.0pt plus 4.0pt minus 2.0pt
* \hoffset=0.0pt
* \voffset=0.0pt
* \mag=1000
* \@twocolumnfalse
* \@twosidetrue
* \@mparswitchtrue
* \@reversemarginfalse
* (1in=72.27pt=25.4mm, 1cm=28.453pt)

ABD: EverySelectfont initializing macros
LaTeX Info: Redefining \selectfont on input line 13.
Package lastpage Info: Please have a look at the pageslts package at
(lastpage)             https://www.ctan.org/pkg/pageslts
(lastpage)             ! on input line 13.
Package hyperref Info: Link coloring ON on input line 13.

(d:/texlive/2020/texmf-dist/tex/latex/hyperref/nameref.sty
Package: nameref 2019/09/16 v2.46 Cross-referencing by name of section

(d:/texlive/2020/texmf-dist/tex/latex/refcount/refcount.sty
Package: refcount 2019/12/15 v3.6 Data extraction from label references (HO)
)
(d:/texlive/2020/texmf-dist/tex/generic/gettitlestring/gettitlestring.sty
Package: gettitlestring 2019/12/15 v1.6 Cleanup title references (HO)
)
\c@section@level=\count358
)
LaTeX Info: Redefining \ref on input line 13.
LaTeX Info: Redefining \pageref on input line 13.
LaTeX Info: Redefining \nameref on input line 13.

(./setup/format.tex
\c@pubctr=\count359
\c@currtheoremctr=\count360
\c@endtheoremctr=\count361
\c@theorem=\count362
\c@currlemmactr=\count363
\c@endlemmactr=\count364
\c@lemma=\count365
\c@curraxiomctr=\count366
\c@endaxiomctr=\count367
\c@axiom=\count368
\c@currpropositionctr=\count369
\c@endpropositionctr=\count370
\c@proposition=\count371
\c@currcorollaryctr=\count372
\c@endcorollaryctr=\count373
\c@corollary=\count374
\c@currdefinitionctr=\count375
\c@enddefinitionctr=\count376
\c@definition=\count377
\c@currconjecturectr=\count378
\c@endconjecturectr=\count379
\c@conjecture=\count380
\c@currexamplectr=\count381
\c@endexamplectr=\count382
\c@example=\count383
\c@currremarkctr=\count384
\c@endremarkctr=\count385
\c@remark=\count386
\@title@width=\skip143
) (./preface/cover.tex
LaTeX Font Info:    Trying to load font information for U+txsya on input line 1
22.

(d:/texlive/2020/texmf-dist/tex/latex/txfonts/utxsya.fd
File: utxsya.fd 2000/12/15 v3.1
)
LaTeX Font Info:    Trying to load font information for U+txsyb on input line 1
22.

(d:/texlive/2020/texmf-dist/tex/latex/txfonts/utxsyb.fd
File: utxsyb.fd 2000/12/15 v3.1
)
LaTeX Font Info:    Trying to load font information for U+rsfs on input line 12
2.

(d:/texlive/2020/texmf-dist/tex/latex/jknapltx/ursfs.fd
File: ursfs.fd 1998/03/24 rsfs font definition file (jk)
)

LaTeX Font Warning: Font shape `U/rsfs/m/n' in size <10.53937> not available
(Font)              size <10.95> substituted on input line 122.

LaTeX Font Info:    Trying to load font information for U+txmia on input line 1
22.
(d:/texlive/2020/texmf-dist/tex/latex/txfonts/utxmia.fd
File: utxmia.fd 2000/12/15 v3.1
)
LaTeX Font Info:    Trying to load font information for U+txsyc on input line 1
22.

(d:/texlive/2020/texmf-dist/tex/latex/txfonts/utxsyc.fd
File: utxsyc.fd 2000/12/15 v3.1
)
LaTeX Font Info:    Trying to load font information for C70+hei on input line 1
22.

(d:/texlive/2020/texmf-dist/tex/latex/zhmetrics/c70hei.fd
File: c70hei.fd 2009/09/23 4.8.2
)
LaTeX Font Info:    Trying to load font information for C70+song on input line 
122.

(d:/texlive/2020/texmf-dist/tex/latex/cjk/texinput/UTF8/c70song.fd
File: c70song.fd 2015/04/18 4.8.4
)
Package epstopdf Info: Source file: <figures/Hnulogo.eps>
(epstopdf)                    date: 2013-08-15 04:12:40
(epstopdf)                    size: 2701121 bytes
(epstopdf)             Output file: <figures/Hnulogo-eps-converted-to.pdf>
(epstopdf)                    date: 2016-04-28 18:58:15
(epstopdf)                    size: 19670 bytes
(epstopdf)             Command: <repstopdf --outfile=figures/Hnulogo-eps-conver
ted-to.pdf figures/Hnulogo.eps>
(epstopdf)             \includegraphics on input line 122.
Package epstopdf Info: Output file is already uptodate.
<figures/Hnulogo-eps-converted-to.pdf, id=13, 2011.515pt x 2168.1pt>
File: figures/Hnulogo-eps-converted-to.pdf Graphic file (type pdf)
<use figures/Hnulogo-eps-converted-to.pdf>
Package pdftex.def Info: figures/Hnulogo-eps-converted-to.pdf  used on input li
ne 122.
(pdftex.def)             Requested size: 136.57462pt x 147.18404pt.
LaTeX Font Info:    Calculating math sizes for size <12.5> on input line 122.


LaTeX Font Warning: Font shape `U/rsfs/m/n' in size <12.5> not available
(Font)              size <12> substituted on input line 122.

(d:/texlive/2020/texmf-dist/tex/generic/ctex/zhwindowsfonts.tex
File: zhwindowsfonts.tex 2019/05/29 v2.4.16 Windows font map loader for pdfTeX 
and DVIPDFMx (CTEX)
) [1




 <./figures/Hnulogo-eps-converted-to.pdf>]
Underfull \hbox (badness 1048) detected at line 122
\C70/hei/m/n/12.5/5b f \C70/hei/m/n/12.5/68 ! \C70/hei/m/n/12.5/4e  \C70/hei/m
/n/12.5/53 \OT1/txr/m/n/12.5 :
 []

[2

] [3

]
Underfull \hbox (badness 10000) in paragraph at lines 122--122

 []

Package CJKpunct Info: punctuation spaces for family 'song' do not exist. Use f
amily 'def' instead. on input line 122.
LaTeX Font Info:    Calculating math sizes for size <18> on input line 122.

LaTeX Font Warning: Font shape `U/rsfs/m/n' in size <18> not available
(Font)              size <17.28> substituted on input line 122.


LaTeX Font Warning: Font shape `U/rsfs/m/n' in size <12.59995> not available
(Font)              size <12> substituted on input line 122.

pdfTeX warning (ext4): destination with the same identifier (name{page.I}) has 
been already used, duplicate ignored
<to be read again> 
                   \relax 
l.122 \makecover
                 [1]

Package hyperref Warning: Token not allowed in a PDF string (Unicode):
(hyperref)                \hskip 10.53937pt
(hyperref)                replaced by space on input line 122.

pdfTeX warning (ext4): destination with the same identifier (name{page.II}) has
 been already used, duplicate ignored
<to be read again> 
                   \relax 
l.122 \makecover
                 [2


]
Package CJKpunct Info: punctuation spaces for family 'hei' do not exist. Use fa
mily 'def' instead. on input line 122.
pdfTeX warning (ext4): destination with the same identifier (name{page.III}) ha
s been already used, duplicate ignored
<to be read again> 
                   \relax 
l.122 \makecover
                 [3]
LaTeX Font Info:    Font shape `OT1/txr/b/n' in size <18> not available
(Font)              Font shape `OT1/txr/bx/n' tried instead on input line 122.

Underfull \vbox (badness 6332) has occurred while \output is active []

 [4


]
Overfull \hbox (11.06807pt too wide) in paragraph at lines 122--122
[]\OT1/txr/m/n/12.5 This dis-ser-ta-tion pro-poses two new tech-niques to re-al
ise high pre-ci-sion three-dimensional
 []

LaTeX Font Info:    Font shape `OT1/txr/b/n' in size <12.5> not available
(Font)              Font shape `OT1/txr/bx/n' tried instead on input line 122.
[5]) (./hnumain.toc [6


] [7])
\tf@toc=\write3
\openout3 = `hnumain.toc'.

 [8] (./hnumain.lof
LaTeX Font Info:    Trying to load font information for C70+rm on input line 1.


(d:/texlive/2020/texmf-dist/tex/latex/ctex/fd/c70rm.fd
File: c70rm.fd 2019/05/29 v2.4.16 Chinese font definition (CTEX)
)
Package CJKpunct Info: use punctuation spaces for family 'rm' with punctstyle (
quanjiao) on input line 4.

Underfull \vbox (badness 2119) has occurred while \output is active []

 [9


]
[10])
\tf@lof=\write4
\openout4 = `hnumain.lof'.

 [11] (./hnumain.lot)
\tf@lot=\write5
\openout5 = `hnumain.lot'.

 [12


]
\openout2 = `body/chapter1.aux'.

 (./body/chapter1.tex
\hspace {0.25em plus 0.125em minus 0.08em}\ignorespaces 1\hspace {0.25em plu
s 0.125em minus 0.08em}\ignorespaces  1.
<../1.1/11.jpg, id=642, 2845.63126pt x 1927.2pt>
File: ../1.1/11.jpg Graphic file (type jpg)
<use ../1.1/11.jpg>
Package pdftex.def Info: ../1.1/11.jpg  used on input line 11.
(pdftex.def)             Requested size: 364.19667pt x 246.63371pt.
[1





 <../1.1/11.jpg>] [2]
<../1.2/12.jpg, id=710, 2007.5pt x 3236.09pt>
File: ../1.2/12.jpg Graphic file (type jpg)
<use ../1.2/12.jpg>
Package pdftex.def Info: ../1.2/12.jpg  used on input line 46.
(pdftex.def)             Requested size: 409.71692pt x 660.44003pt.
 [3] [4 <../1.2/12.jpg>] [5]
<../1.3/13.jpg, id=771, 3794.175pt x 1839.87375pt>
File: ../1.3/13.jpg Graphic file (type jpg)
<use ../1.3/13.jpg>
Package pdftex.def Info: ../1.3/13.jpg  used on input line 83.
(pdftex.def)             Requested size: 432.48051pt x 209.7141pt.
LaTeX Font Info:    Calculating math sizes for size <10.5> on input line 84.


LaTeX Font Warning: Font shape `U/rsfs/m/n' in size <10.5> not available
(Font)              size <10.95> substituted on input line 84.

[6 <../1.3/13.jpg>]
<../1.4/14.jpg, id=803, 2370.8575pt x 1509.64pt>
File: ../1.4/14.jpg Graphic file (type jpg)
<use ../1.4/14.jpg>
Package pdftex.def Info: ../1.4/14.jpg  used on input line 117.
(pdftex.def)             Requested size: 273.14923pt x 173.91592pt.
 [7 <../1.4/14.jpg>]
<../1.5/15.jpg, id=829, 284.5029pt x 220.6644pt>
File: ../1.5/15.jpg Graphic file (type jpg)
<use ../1.5/15.jpg>
Package pdftex.def Info: ../1.5/15.jpg  used on input line 160.
(pdftex.def)             Requested size: 273.14923pt x 211.85898pt.
 [8] [9 <../1.5/15.jpg>] [10]
<../1.6/16.jpg, id=913, 481.8pt x 481.8pt>
File: ../1.6/16.jpg Graphic file (type jpg)
<use ../1.6/16.jpg>
Package pdftex.def Info: ../1.6/16.jpg  used on input line 204.
(pdftex.def)             Requested size: 182.09486pt x 182.09341pt.
 [11 <../1.6/16.jpg>]
<../1.7/17.jpg, id=926, 3794.175pt x 2002.48125pt>
File: ../1.7/17.jpg Graphic file (type jpg)
<use ../1.7/17.jpg>
Package pdftex.def Info: ../1.7/17.jpg  used on input line 268.
(pdftex.def)             Requested size: 364.19667pt x 192.19324pt.
 [12 <../1.7/17.jpg>]
<../1.8/18.jpg, id=940, 3794.175pt x 966.61125pt>
File: ../1.8/18.jpg Graphic file (type jpg)
<use ../1.8/18.jpg>
Package pdftex.def Info: ../1.8/18.jpg  used on input line 301.
(pdftex.def)             Requested size: 364.19667pt x 92.77296pt.
 [13 <../1.8/18.jpg>]
Underfull \hbox (badness 10000) in paragraph at lines 313--315
\C70/song/m/n/12.5/51 v \C70/song/m/n/12.5/4e - $\OML/txmi/bx/it/12.5 b []$ \C7
0/song/m/n/12.5/88 h \C70/song/m/n/12.5/79 : \C70/song/m/n/12.5/89  \C70/song/
m/n/12.5/5b  \C70/song/m/n/12.5/52 0 \C70/song/m/n/12.5/76  \C70/song/m/n/12.
5/62  \C70/song/m/n/12.5/5f q \C70/song/m/n/12.5/65 p \C70/song/m/n/12.5/63 n|
\C70/song/m/n/12.5/ff ^^L| \C70/song/m/n/12.5/53 s \OT1/txr/m/n/12.5 sino-gram|
\C70/song/m/n/12.5/ff ^^[| 
 []

[14]
<../1.9/1_9.jpg, id=981, 341.47575pt x 175.3752pt>
File: ../1.9/1_9.jpg Graphic file (type jpg)
<use ../1.9/1_9.jpg>
Package pdftex.def Info: ../1.9/1_9.jpg  used on input line 354.
(pdftex.def)             Requested size: 364.19667pt x 187.0475pt.
 [15 <../1.9/1_9.jpg>]
<../1.20/1201.jpg, id=994, 629.35126pt x 310.15875pt>
File: ../1.20/1201.jpg Graphic file (type jpg)
<use ../1.20/1201.jpg>
Package pdftex.def Info: ../1.20/1201.jpg  used on input line 376.
(pdftex.def)             Requested size: 364.19667pt x 179.48518pt.
 [16 <../1.20/1201.jpg>] [17]
<../1.17/117.jpg, id=1028, 365.86688pt x 352.31625pt>
File: ../1.17/117.jpg Graphic file (type jpg)
<use ../1.17/117.jpg>
Package pdftex.def Info: ../1.17/117.jpg  used on input line 415.
(pdftex.def)             Requested size: 227.62206pt x 219.19182pt.
<../1.18/118.jpg, id=1031, 537.80925pt x 260.77425pt>
File: ../1.18/118.jpg Graphic file (type jpg)
<use ../1.18/118.jpg>
Package pdftex.def Info: ../1.18/118.jpg  used on input line 431.
(pdftex.def)             Requested size: 364.19667pt x 176.59995pt.
 [18 <../1.17/117.jpg>]
<../1.19/119.jpg, id=1041, 1190.94937pt x 509.65407pt>
File: ../1.19/119.jpg Graphic file (type jpg)
<use ../1.19/119.jpg>
Package pdftex.def Info: ../1.19/119.jpg  used on input line 438.
(pdftex.def)             Requested size: 364.19667pt x 155.85254pt.

[19 <../1.18/118.jpg> <../1.19/119.jpg>]
LaTeX Font Info:    Trying to load font information for TS1+txr on input line 4
49.

(d:/texlive/2020/texmf-dist/tex/latex/txfonts/ts1txr.fd
File: ts1txr.fd 2000/12/15 v3.1
)
<../1.10/110.jpg, id=1057, 3794.175pt x 2836.5975pt>
File: ../1.10/110.jpg Graphic file (type jpg)
<use ../1.10/110.jpg>
Package pdftex.def Info: ../1.10/110.jpg  used on input line 454.
(pdftex.def)             Requested size: 364.19667pt x 272.24968pt.
 [20 <../1.10/110.jpg>] [21]
<../1.13/1_13.jpg, id=1091, 341.47575pt x 274.1442pt>
File: ../1.13/1_13.jpg Graphic file (type jpg)
<use ../1.13/1_13.jpg>
Package pdftex.def Info: ../1.13/1_13.jpg  used on input line 503.
(pdftex.def)             Requested size: 364.19667pt x 292.39017pt.

Underfull \hbox (badness 1953) in paragraph at lines 508--509
[]\C70/song/m/n/12.5/57 ( \C70/song/m/n/12.5/90 ^^O \C70/song/m/n/12.5/5c ^^D \
C70/song/m/n/12.5/75 5 \C70/song/m/n/12.5/5b P \C70/song/m/n/12.5/66 > \C70/son
g/m/n/12.5/5f  \C70/song/m/n/12.5/95 \ \C70/song/m/n/12.5/4e -|\C70/song/m/n/1
2.5/ff ^^L| \C70/song/m/n/12.5/75 5 \C70/song/m/n/12.5/5b P \C70/song/m/n/12.5/
57 ( \C70/song/m/n/12.5/79  \C70/song/m/n/12.5/5f ^^@ \C70/song/m/n/12.5/53  
\C70/song/m/n/12.5/5b P \C70/song/m/n/12.5/54 ^^N \C70/song/m/n/12.5/76  \C70/
song/m/n/12.5/81  \C70/song/m/n/12.5/75 1 \C70/song/m/n/12.5/4f   \C70/song/m/
n/12.5/64  \C70/song/m/n/12.5/8f  \C70/song/m/n/12.5/7a  \C70/song/m/n/12.5/
53  \C70/song/m/n/12.5/4e  \C70/song/m/n/12.5/75 1 \C70/song/m/n/12.5/83  \C
70/song/m/n/12.5/6d  \C70/song/m/n/12.5/5c ^^T
 []

[22 <../1.13/1_13.jpg>]
<../1.14/1_14.jpg, id=1108, 341.47575pt x 341.47575pt>
File: ../1.14/1_14.jpg Graphic file (type jpg)
<use ../1.14/1_14.jpg>
Package pdftex.def Info: ../1.14/1_14.jpg  used on input line 534.
(pdftex.def)             Requested size: 277.69917pt x 277.70367pt.
 [23 <../1.14/1_14.jpg>]
<../1.15/1_15.jpg, id=1122, 2845.63126pt x 2115.905pt>
File: ../1.15/1_15.jpg Graphic file (type jpg)
<use ../1.15/1_15.jpg>
Package pdftex.def Info: ../1.15/1_15.jpg  used on input line 544.
(pdftex.def)             Requested size: 364.19667pt x 270.78326pt.
 [24 <../1.15/1_15.jpg>]
<../1.16/1_16.jpg, id=1138, 284.5029pt x 86.12175pt>
File: ../1.16/1_16.jpg Graphic file (type jpg)
<use ../1.16/1_16.jpg>
Package pdftex.def Info: ../1.16/1_16.jpg  used on input line 580.
(pdftex.def)             Requested size: 364.19667pt x 110.24597pt.

[25 <../1.16/1_16.jpg>]) [26]
\openout2 = `body/chapter3.aux'.

 (./body/chapter3.tex
\hspace {0.25em plus 0.125em minus 0.08em}\ignorespaces 2\hspace {0.25em plu
s 0.125em minus 0.08em}\ignorespaces  2.

Underfull \hbox (badness 4859) in paragraph at lines 14--15
[]\C70/song/m/n/12.5/6d  \C70/song/m/n/12.5/5e  \C70/song/m/n/12.5/5b f \C70/
song/m/n/12.5/4e ` \C70/song/m/n/12.5/62  \C70/song/m/n/12.5/67 / \C70/song/m/
n/12.5/53  \C70/song/m/n/12.5/4e  \C70/song/m/n/12.5/90 ^^Z \C70/song/m/n/12.
5/8f  \C70/song/m/n/12.5/79 ^ \C70/song/m/n/12.5/7e  \C70/song/m/n/12.5/7f Q 
\C70/song/m/n/12.5/7e  \C70/song/m/n/12.5/5f ^^U \C70/song/m/n/12.5/51 e \C70/
song/m/n/12.5/59 ' \C70/song/m/n/12.5/91  \C70/song/m/n/12.5/76  \C70/song/m/
n/12.5/51 H \C70/song/m/n/12.5/9a  \C70/song/m/n/12.5/77  \C70/song/m/n/12.5/
8b  \C70/song/m/n/12.5/67 e \C70/song/m/n/12.5/62  \C70/song/m/n/12.5/52 6 \C
70/song/m/n/12.5/7f : \C70/song/m/n/12.5/59 1 \C70/song/m/n/12.5/95 % \C70/song
/m/n/12.5/50 G
 []

[27





] [28]
<../3.1/31.jpg, id=1202, 455.301pt x 302.8113pt>
File: ../3.1/31.jpg Graphic file (type jpg)
<use ../3.1/31.jpg>
Package pdftex.def Info: ../3.1/31.jpg  used on input line 27.
(pdftex.def)             Requested size: 409.71692pt x 272.50453pt.
 [29 <../3.1/31.jpg>]
<../3.2/32.jpg, id=1214, 227.6505pt x 148.51485pt>
File: ../3.2/32.jpg Graphic file (type jpg)
<use ../3.2/32.jpg>
Package pdftex.def Info: ../3.2/32.jpg  used on input line 40.
(pdftex.def)             Requested size: 409.71692pt x 267.31969pt.
 [30 <../3.2/32.jpg>] [31]
<../3.3/33.jpg, id=1236, 398.4486pt x 264.7491pt>
File: ../3.3/33.jpg Graphic file (type jpg)
<use ../3.3/33.jpg>
Package pdftex.def Info: ../3.3/33.jpg  used on input line 86.
(pdftex.def)             Requested size: 409.71692pt x 272.24216pt.
 [32 <../3.3/33.jpg>]
<../3.4/34.jpg, id=1241, 398.4486pt x 331.7193pt>
File: ../3.4/34.jpg Graphic file (type jpg)
<use ../3.4/34.jpg>
Package pdftex.def Info: ../3.4/34.jpg  used on input line 98.
(pdftex.def)             Requested size: 409.71692pt x 341.10777pt.

[33 <../3.4/34.jpg>]
<../3.5/35.jpg, id=1247, 455.301pt x 224.5188pt>
File: ../3.5/35.jpg Graphic file (type jpg)
<use ../3.5/35.jpg>
Package pdftex.def Info: ../3.5/35.jpg  used on input line 109.
(pdftex.def)             Requested size: 409.71692pt x 202.0479pt.
<../3.6/361.jpg, id=1248, 1707.37875pt x 1415.2875pt>
File: ../3.6/361.jpg Graphic file (type jpg)
<use ../3.6/361.jpg>
Package pdftex.def Info: ../3.6/361.jpg  used on input line 122.
(pdftex.def)             Requested size: 409.71692pt x 339.61116pt.
 [34 <../3.5/35.jpg>]
<../3.13/313.jpg, id=1255, 2845.63126pt x 2386.9175pt>
File: ../3.13/313.jpg Graphic file (type jpg)
<use ../3.13/313.jpg>
Package pdftex.def Info: ../3.13/313.jpg  used on input line 133.
(pdftex.def)             Requested size: 409.71692pt x 343.67215pt.
 [35 <../3.6/361.jpg>]
<../3.14/314.jpg, id=1260, 440.5185pt x 341.3115pt>
File: ../3.14/314.jpg Graphic file (type jpg)
<use ../3.14/314.jpg>
Package pdftex.def Info: ../3.14/314.jpg  used on input line 145.
(pdftex.def)             Requested size: 409.71692pt x 317.45807pt.
 [36 <../3.13/313.jpg>]
<../3.15/315.jpg, id=1265, 1108.14pt x 1321.93875pt>
File: ../3.15/315.jpg Graphic file (type jpg)
<use ../3.15/315.jpg>
Package pdftex.def Info: ../3.15/315.jpg  used on input line 155.
(pdftex.def)             Requested size: 409.71692pt x 488.76678pt.
 [37 <../3.14/314.jpg>] [38 <../3.15/315.jpg>]
<../3.7/37.jpg, id=1275, 2845.63126pt x 2723.17375pt>
File: ../3.7/37.jpg Graphic file (type jpg)
<use ../3.7/37.jpg>
Package pdftex.def Info: ../3.7/37.jpg  used on input line 165.
(pdftex.def)             Requested size: 409.71692pt x 392.08687pt.
 [39 <../3.7/37.jpg>]
<../3.8/38.jpg, id=1285, 199.2243pt x 182.72266pt>
File: ../3.8/38.jpg Graphic file (type jpg)
<use ../3.8/38.jpg>
Package pdftex.def Info: ../3.8/38.jpg  used on input line 176.
(pdftex.def)             Requested size: 409.71692pt x 375.78831pt.
<../3.9/39.jpg, id=1286, 3794.175pt x 5188.38374pt>
File: ../3.9/39.jpg Graphic file (type jpg)
<use ../3.9/39.jpg>
Package pdftex.def Info: ../3.9/39.jpg  used on input line 186.
(pdftex.def)             Requested size: 295.90588pt x 404.62897pt.

[40 <../3.8/38.jpg>] [41 <../3.9/39.jpg>]
<../3.16/316.jpg, id=1296, 3380.63pt x 4949.49126pt>
File: ../3.16/316.jpg Graphic file (type jpg)
<use ../3.16/316.jpg>
Package pdftex.def Info: ../3.16/316.jpg  used on input line 194.
(pdftex.def)             Requested size: 295.90588pt x 433.20026pt.
 [42 <../3.16/316.jpg>]
<../3.18/318.jpg, id=1301, 1660.2025pt x 453.695pt>
File: ../3.18/318.jpg Graphic file (type jpg)
<use ../3.18/318.jpg>
Package pdftex.def Info: ../3.18/318.jpg  used on input line 209.
(pdftex.def)             Requested size: 409.71692pt x 111.96275pt.
<../3.17/317.jpg, id=1302, 2979.13pt x 981.6675pt>
File: ../3.17/317.jpg Graphic file (type jpg)
<use ../3.17/317.jpg>
Package pdftex.def Info: ../3.17/317.jpg  used on input line 218.
(pdftex.def)             Requested size: 409.71692pt x 135.0059pt.
 [43 <../3.18/318.jpg> <../3.17/317.jpg>]
<../3.11/311.jpg, id=1307, 3794.175pt x 5081.98625pt>
File: ../3.11/311.jpg Graphic file (type jpg)
<use ../3.11/311.jpg>
Package pdftex.def Info: ../3.11/311.jpg  used on input line 239.
(pdftex.def)             Requested size: 455.24411pt x 609.7345pt.
 [44] [45 <../3.11/311.jpg>]
<../3.12/312.jpg, id=1321, 1422.31375pt x 1008.76875pt>
File: ../3.12/312.jpg Graphic file (type jpg)
<use ../3.12/312.jpg>
Package pdftex.def Info: ../3.12/312.jpg  used on input line 261.
(pdftex.def)             Requested size: 386.96027pt x 274.4492pt.
 [46 <../3.12/312.jpg>]
[47] [48]) [49]
\openout2 = `body/chapter4.aux'.

 (./body/chapter4.tex [50




]
\hspace {0.25em plus 0.125em minus 0.08em}\ignorespaces 3\hspace {0.25em plu
s 0.125em minus 0.08em}\ignorespaces  3.
[51

] [52]
<../4.11/411.jpg, id=1414, 1501.61pt x 542.025pt>
File: ../4.11/411.jpg Graphic file (type jpg)
<use ../4.11/411.jpg>
Package pdftex.def Info: ../4.11/411.jpg  used on input line 40.
(pdftex.def)             Requested size: 409.71692pt x 147.88704pt.
 [53 <../4.11/411.jpg>]
<../4.1/41.jpg, id=1428, 2845.63126pt x 1614.03pt>
File: ../4.1/41.jpg Graphic file (type jpg)
<use ../4.1/41.jpg>
Package pdftex.def Info: ../4.1/41.jpg  used on input line 58.
(pdftex.def)             Requested size: 386.96027pt x 219.46085pt.
 [54 <../4.1/41.jpg>]
<../4.2/42.jpg, id=1437, 2845.63126pt x 1417.295pt>
File: ../4.2/42.jpg Graphic file (type jpg)
<use ../4.2/42.jpg>
Package pdftex.def Info: ../4.2/42.jpg  used on input line 74.
(pdftex.def)             Requested size: 386.96027pt x 192.71063pt.
<../4.4/44.jpg, id=1438, 2845.63126pt x 1466.47874pt>
File: ../4.4/44.jpg Graphic file (type jpg)
<use ../4.4/44.jpg>
Package pdftex.def Info: ../4.4/44.jpg  used on input line 84.
(pdftex.def)             Requested size: 386.96027pt x 199.3982pt.
<../4.3/43.jpg, id=1439, 711.65875pt x 688.5725pt>
File: ../4.3/43.jpg Graphic file (type jpg)
<use ../4.3/43.jpg>
Package pdftex.def Info: ../4.3/43.jpg  used on input line 96.
(pdftex.def)             Requested size: 409.71692pt x 396.41992pt.
 [55 <../4.2/42.jpg> <../4.4/44.jpg>] [56 <../4.3/43.jpg>]
<../4.6/46.jpg, id=1448, 2845.63126pt x 1439.3775pt>
File: ../4.6/46.jpg Graphic file (type jpg)
<use ../4.6/46.jpg>
Package pdftex.def Info: ../4.6/46.jpg  used on input line 111.
(pdftex.def)             Requested size: 409.71692pt x 207.24384pt.
 [57 <../4.6/46.jpg>]
<../4.7/47.jpg, id=1454, 2845.63126pt x 1329.96875pt>
File: ../4.7/47.jpg Graphic file (type jpg)
<use ../4.7/47.jpg>
Package pdftex.def Info: ../4.7/47.jpg  used on input line 122.
(pdftex.def)             Requested size: 409.71692pt x 191.491pt.
<../4.10/410.jpg, id=1455, 3794.175pt x 3024.29875pt>
File: ../4.10/410.jpg Graphic file (type jpg)
<use ../4.10/410.jpg>
Package pdftex.def Info: ../4.10/410.jpg  used on input line 133.
(pdftex.def)             Requested size: 409.71692pt x 326.53635pt.
 [58 <../4.7/47.jpg>]
Underfull \hbox (badness 7256) in paragraph at lines 138--139
[]\OT1/txr/m/n/12.5 STEM \C70/song/m/n/12.5/4e - \C70/song/m/n/12.5/75 5 \C70/s
ong/m/n/12.5/5b P \C70/song/m/n/12.5/67 _ \C70/song/m/n/12.5/76  \C70/song/m/n
/12.5/5f : \C70/song/m/n/12.5/5e  \C70/song/m/n/12.5/52 ^^F \C70/song/m/n/12.5
/5e ^^C \C70/song/m/n/12.5/66 / \C70/song/m/n/12.5/51  \C70/song/m/n/12.5/5b 
 \C70/song/m/n/12.5/67 ^^@ \C70/song/m/n/12.5/7e  \C70/song/m/n/12.5/4e 	 \C70
/song/m/n/12.5/7e  \C70/song/m/n/12.5/91  \C70/song/m/n/12.5/67  \C70/song/m
/n/12.5/52 ^^F \C70/song/m/n/12.5/8f  \C70/song/m/n/12.5/73  \C70/song/m/n/12
.5/76  \C70/song/m/n/12.5/91  \C70/song/m/n/12.5/89  \C70/song/m/n/12.5/56 
 \C70/song/m/n/12.5/7d  |\C70/song/m/n/12.5/30 ^^B|
 []

[59 <../4.10/410.jpg>]
<../4.8/48.jpg, id=1467, 3794.175pt x 1312.905pt>
File: ../4.8/48.jpg Graphic file (type jpg)
<use ../4.8/48.jpg>
Package pdftex.def Info: ../4.8/48.jpg  used on input line 147.
(pdftex.def)             Requested size: 386.96027pt x 133.88248pt.
 [60 <../4.8/48.jpg>]
<../4.9/49.jpg, id=1476, 227.6505pt x 227.6505pt>
File: ../4.9/49.jpg Graphic file (type jpg)
<use ../4.9/49.jpg>
Package pdftex.def Info: ../4.9/49.jpg  used on input line 162.
(pdftex.def)             Requested size: 409.71692pt x 409.76015pt.
 [61 <../4.9/49.jpg>]
<../4.12/412.jpg, id=1484, 1393.205pt x 949.5475pt>
File: ../4.12/412.jpg Graphic file (type jpg)
<use ../4.12/412.jpg>
Package pdftex.def Info: ../4.12/412.jpg  used on input line 175.
(pdftex.def)             Requested size: 409.71692pt x 279.24475pt.
 [62 <../4.12/412.jpg>]) [63]
\openout2 = `body/chapter2.aux'.

 (./body/chapter2.tex [64




]
\hspace {0.25em plus 0.125em minus 0.08em}\ignorespaces 4\hspace {0.25em plu
s 0.125em minus 0.08em}\ignorespaces  4.
[65

] [66]
<../2.1/21.jpg, id=1560, 2388.925pt x 3794.175pt>
File: ../2.1/21.jpg Graphic file (type jpg)
<use ../2.1/21.jpg>
Package pdftex.def Info: ../2.1/21.jpg  used on input line 35.
(pdftex.def)             Requested size: 364.19667pt x 578.4227pt.
 [67] [68 <../2.1/21.jpg>]
<../2.20/220.png, id=1574, 471.2004pt x 188.6247pt>
File: ../2.20/220.png Graphic file (type png)
<use ../2.20/220.png>
Package pdftex.def Info: ../2.20/220.png  used on input line 50.
(pdftex.def)             Requested size: 364.19667pt x 145.79118pt.
 [69 <../2.20/220.png>]
<../2.2/22.jpg, id=1582, 2845.63126pt x 2137.9875pt>
File: ../2.2/22.jpg Graphic file (type jpg)
<use ../2.2/22.jpg>
Package pdftex.def Info: ../2.2/22.jpg  used on input line 90.
(pdftex.def)             Requested size: 409.71692pt x 307.83083pt.
 [70 <../2.2/22.jpg>]
<../2.3/23.jpg, id=1592, 2845.63126pt x 2388.925pt>
File: ../2.3/23.jpg Graphic file (type jpg)
<use ../2.3/23.jpg>
Package pdftex.def Info: ../2.3/23.jpg  used on input line 125.
(pdftex.def)             Requested size: 341.43307pt x 286.62218pt.
[71]
<../2.4/24.jpg, id=1603, 2845.63126pt x 1890.06125pt>
File: ../2.4/24.jpg Graphic file (type jpg)
<use ../2.4/24.jpg>
Package pdftex.def Info: ../2.4/24.jpg  used on input line 132.
(pdftex.def)             Requested size: 341.43307pt x 226.76872pt.
 [72 <../2.3/23.jpg> <../2.4/24.jpg>]
<../2.5/25.jpg, id=1608, 2845.63126pt x 1848.9075pt>
File: ../2.5/25.jpg Graphic file (type jpg)
<use ../2.5/25.jpg>
Package pdftex.def Info: ../2.5/25.jpg  used on input line 144.
(pdftex.def)             Requested size: 409.71692pt x 266.20862pt.
<../2.6/26.jpg, id=1609, 2845.63126pt x 2327.69624pt>
File: ../2.6/26.jpg Graphic file (type jpg)
<use ../2.6/26.jpg>
Package pdftex.def Info: ../2.6/26.jpg  used on input line 154.
(pdftex.def)             Requested size: 409.71692pt x 335.14539pt.
 [73 <../2.5/25.jpg>] [74 <../2.6/26.jpg>] [75]
<../2.7/27.jpg, id=1633, 2845.63126pt x 2203.23125pt>
File: ../2.7/27.jpg Graphic file (type jpg)
<use ../2.7/27.jpg>
Package pdftex.def Info: ../2.7/27.jpg  used on input line 183.
(pdftex.def)             Requested size: 364.19667pt x 281.95885pt.
 [76 <../2.7/27.jpg>]
<../2.8/28.jpg, id=1643, 2845.63126pt x 2193.19376pt>
File: ../2.8/28.jpg Graphic file (type jpg)
<use ../2.8/28.jpg>
Package pdftex.def Info: ../2.8/28.jpg  used on input line 199.
(pdftex.def)             Requested size: 364.19667pt x 280.6743pt.
LaTeX Font Info:    Font shape `OT1/txr/b/n' in size <10.5> not available
(Font)              Font shape `OT1/txr/bx/n' tried instead on input line 201.
<../2.9/29.jpg, id=1644, 1422.31375pt x 1694.33pt>
File: ../2.9/29.jpg Graphic file (type jpg)
<use ../2.9/29.jpg>
Package pdftex.def Info: ../2.9/29.jpg  used on input line 210.
(pdftex.def)             Requested size: 182.09486pt x 216.9097pt.
 [77 <../2.8/28.jpg>] [78 <../2.9/29.jpg>]
<../2.10/210.jpg, id=1656, 2845.63126pt x 2086.79625pt>
File: ../2.10/210.jpg Graphic file (type jpg)
<use ../2.10/210.jpg>
Package pdftex.def Info: ../2.10/210.jpg  used on input line 221.
(pdftex.def)             Requested size: 318.66948pt x 233.68774pt.

[79 <../2.10/210.jpg>]
<../2.11/211.jpg, id=1665, 2845.63126pt x 2654.91875pt>
File: ../2.11/211.jpg Graphic file (type jpg)
<use ../2.11/211.jpg>
Package pdftex.def Info: ../2.11/211.jpg  used on input line 231.
(pdftex.def)             Requested size: 409.71692pt x 382.2594pt.
 [80 <../2.11/211.jpg>]
<../2.12/212.jpg, id=1671, 2845.63126pt x 1247.66125pt>
File: ../2.12/212.jpg Graphic file (type jpg)
<use ../2.12/212.jpg>
Package pdftex.def Info: ../2.12/212.jpg  used on input line 250.
(pdftex.def)             Requested size: 409.71692pt x 179.64023pt.
 [81 <../2.12/212.jpg>]
<../2.13/213.jpg, id=1681, 2845.63126pt x 2845.63126pt>
File: ../2.13/213.jpg Graphic file (type jpg)
<use ../2.13/213.jpg>
Package pdftex.def Info: ../2.13/213.jpg  used on input line 263.
(pdftex.def)             Requested size: 386.96027pt x 386.92258pt.
 [82 <../2.13/213.jpg>]
<../2.14/214.jpg, id=1693, 2845.63126pt x 1221.56375pt>
File: ../2.14/214.jpg Graphic file (type jpg)
<use ../2.14/214.jpg>
Package pdftex.def Info: ../2.14/214.jpg  used on input line 293.
(pdftex.def)             Requested size: 409.71692pt x 175.88268pt.
 [83 <../2.14/214.jpg>]
<../2.15/215.jpg, id=1702, 2845.63126pt x 1651.16875pt>
File: ../2.15/215.jpg Graphic file (type jpg)
<use ../2.15/215.jpg>
Package pdftex.def Info: ../2.15/215.jpg  used on input line 307.
(pdftex.def)             Requested size: 409.71692pt x 237.73788pt.
 [84 <../2.15/215.jpg>]
<../2.16/216.jpg, id=1707, 2845.63126pt x 2259.44125pt>
File: ../2.16/216.jpg Graphic file (type jpg)
<use ../2.16/216.jpg>
Package pdftex.def Info: ../2.16/216.jpg  used on input line 321.
(pdftex.def)             Requested size: 409.71692pt x 325.31792pt.
<../2.17/217.jpg, id=1708, 2845.63126pt x 3142.74126pt>
File: ../2.17/217.jpg Graphic file (type jpg)
<use ../2.17/217.jpg>
Package pdftex.def Info: ../2.17/217.jpg  used on input line 350.
(pdftex.def)             Requested size: 386.96027pt x 427.32085pt.
 [85 <../2.16/216.jpg>]
<../2.18/218.jpg, id=1713, 2845.63126pt x 3953.77126pt>
File: ../2.18/218.jpg Graphic file (type jpg)
<use ../2.18/218.jpg>
Package pdftex.def Info: ../2.18/218.jpg  used on input line 367.
(pdftex.def)             Requested size: 386.96027pt x 537.5972pt.
 [86 <../2.17/217.jpg>] [87 <../2.18/218.jpg>]
<../2.19/219.jpg, id=1723, 2845.63126pt x 3084.52374pt>
File: ../2.19/219.jpg Graphic file (type jpg)
<use ../2.19/219.jpg>
Package pdftex.def Info: ../2.19/219.jpg  used on input line 379.
(pdftex.def)             Requested size: 364.19667pt x 394.74239pt.
 [88 <../2.19/219.jpg>])
[89]
\openout2 = `body/conclusion.aux'.

 (./body/conclusion.tex [90




]

Package hyperref Warning: Token not allowed in a PDF string (Unicode):
(hyperref)                \hskip 12.5pt
(hyperref)                replaced by space on input line 3.

[91

] [92]) (./hnumain.bbl [93




] [94] [95]
Underfull \hbox (badness 3078) in paragraph at lines 258--262
[]\OT1/txr/m/n/12.5 Buckingham J D.  Thermionic emis-sion prop-er-ties of a lan
-thanum hex-a-
 []

[96] [97] [98] [99] [100] [101] [102] [103] [104] [105]) [106]
\openout2 = `appendix/acknowledgements.aux'.


(./appendix/acknowledgements.tex

Package hyperref Warning: Token not allowed in a PDF string (Unicode):
(hyperref)                \hskip 12.5pt
(hyperref)                replaced by space on input line 3.

[107




]) [108]
\openout2 = `appendix/publications.aux'.

 (./appendix/publications.tex

LaTeX Font Warning: Font shape `C70/song/b/n' undefined
(Font)              using `C70/song/m/n' instead on input line 8.

LaTeX Font Info:    Trying to load font information for OT1+txtt on input line 
10.
(d:/texlive/2020/texmf-dist/tex/latex/txfonts/ot1txtt.fd
File: ot1txtt.fd 2000/12/15 v3.1
) [109





]) [110]
\tf@thm=\write6
\openout6 = `hnumain.thm'.



AED: lastpage setting LastPage
Package atveryend Info: Empty hook `BeforeClearDocument' on input line 68.
Package atveryend Info: Empty hook `AfterLastShipout' on input line 68.
(./hnumain.aux (./body/chapter1.aux) (./body/chapter3.aux) (./body/chapter4.aux
) (./body/chapter2.aux) (./body/conclusion.aux)
(./appendix/acknowledgements.aux) (./appendix/publications.aux))
Package atveryend Info: Executing hook `AtVeryEndDocument' on input line 68.
Package atveryend Info: Empty hook `AtEndAfterFileList' on input line 68.


LaTeX Font Warning: Size substitutions with differences
(Font)              up to 0.72pt have occurred.


LaTeX Font Warning: Some font shapes were not available, defaults substituted.


LaTeX Warning: There were multiply-defined labels.

Package atveryend Info: Empty hook `AtVeryVeryEnd' on input line 68.
 ) 
Here is how much of TeX's memory you used:
 26684 strings out of 480608
 402993 string characters out of 5907536
 632418 words of memory out of 5000000
 40306 multiletter control sequences out of 15000+600000
 773004 words of font info for 802 fonts, out of 8000000 for 9000
 1141 hyphenation exceptions out of 8191
 49i,16n,54p,2345b,3582s stack positions out of 5000i,500n,10000p,200000b,80000s
<c:/Windows/Fonts/simhei.ttf><c:/Windows/Fonts/simsun.ttc><c:/Windows/Fonts/s
imhei.ttf><c:/Windows/Fonts/simhei.ttf><c:/Windows/Fonts/simhei.ttf><c:/Windows
/Fonts/simhei.ttf><c:/Windows/Fonts/simsun.ttc><c:/Windows/Fonts/simhei.ttf><c:
/Windows/Fonts/simhei.ttf><c:/Windows/Fonts/simhei.ttf><c:/Windows/Fonts/simhei
.ttf><c:/Windows/Fonts/simhei.ttf><c:/Windows/Fonts/simhei.ttf><c:/Windows/Font
s/simsun.ttc><c:/Windows/Fonts/simhei.ttf><c:/Windows/Fonts/simsun.ttc><c:/Wind
ows/Fonts/simhei.ttf><c:/Windows/Fonts/simhei.ttf><c:/Windows/Fonts/simhei.ttf>
<c:/Windows/Fonts/simsun.ttc><c:/Windows/Fonts/simsun.ttc><c:/Windows/Fonts/sim
sun.ttc><c:/Windows/Fonts/simhei.ttf><c:/Windows/Fonts/simhei.ttf><c:/Windows/F
onts/simhei.ttf>{d:/texlive/2020/texmf-dist/fonts/enc/dvips/base/8r.enc}<c:/Win
dows/Fonts/simhei.ttf><c:/Windows/Fonts/simsun.ttc><c:/Windows/Fonts/simsun.ttc
><c:/Windows/Fonts/simhei.ttf><c:/Windows/Fonts/simsun.ttc><c:/Windows/Fonts/si
msun.ttc><c:/Windows/Fonts/simsun.ttc><c:/Windows/Fonts/simsun.ttc><c:/Windows/
Fonts/simsun.ttc><c:/Windows/Fonts/simsun.ttc><c:/Windows/Fonts/simsun.ttc><c:/
Windows/Fonts/simsun.ttc><c:/Windows/Fonts/simsun.ttc><c:/Windows/Fonts/simsun.
ttc><c:/Windows/Fonts/simsun.ttc><c:/Windows/Fonts/simsun.ttc><c:/Windows/Fonts
/simsun.ttc><c:/Windows/Fonts/simsun.ttc><c:/Windows/Fonts/simsun.ttc><c:/Windo
ws/Fonts/simsun.ttc><c:/Windows/Fonts/simsun.ttc><c:/Windows/Fonts/simsun.ttc><
c:/Windows/Fonts/simsun.ttc><c:/Windows/Fonts/simsun.ttc><c:/Windows/Fonts/sims
un.ttc><c:/Windows/Fonts/simsun.ttc><c:/Windows/Fonts/simsun.ttc><c:/Windows/Fo
nts/simsun.ttc><c:/Windows/Fonts/simsun.ttc><c:/Windows/Fonts/simsun.ttc><c:/Wi
ndows/Fonts/simsun.ttc><c:/Windows/Fonts/simsun.ttc><c:/Windows/Fonts/simsun.tt
c><c:/Windows/Fonts/simsun.ttc><c:/Windows/Fonts/simsun.ttc><c:/Windows/Fonts/s
imsun.ttc><c:/Windows/Fonts/simsun.ttc><c:/Windows/Fonts/simsun.ttc><c:/Windows
/Fonts/simsun.ttc><c:/Windows/Fonts/simsun.ttc><c:/Windows/Fonts/simsun.ttc><c:
/Windows/Fonts/simsun.ttc><c:/Windows/Fonts/simsun.ttc><c:/Windows/Fonts/simsun
.ttc><c:/Windows/Fonts/simsun.ttc><c:/Windows/Fonts/simsun.ttc><c:/Windows/Font
s/simsun.ttc><c:/Windows/Fonts/simsun.ttc><c:/Windows/Fonts/simsun.ttc><c:/Wind
ows/Fonts/simsun.ttc><c:/Windows/Fonts/simsun.ttc><c:/Windows/Fonts/simsun.ttc>
<c:/Windows/Fonts/simsun.ttc><c:/Windows/Fonts/simsun.ttc><c:/Windows/Fonts/sim
sun.ttc><c:/Windows/Fonts/simsun.ttc><c:/Windows/Fonts/simsun.ttc><c:/Windows/F
onts/simsun.ttc><c:/Windows/Fonts/simsun.ttc><c:/Windows/Fonts/simsun.ttc><c:/W
indows/Fonts/simsun.ttc><c:/Windows/Fonts/simsun.ttc><c:/Windows/Fonts/simsun.t
tc><c:/Windows/Fonts/simsun.ttc><c:/Windows/Fonts/simsun.ttc><c:/Windows/Fonts/
simsun.ttc><c:/Windows/Fonts/simsun.ttc><c:/Windows/Fonts/simsun.ttc><c:/Window
s/Fonts/simhei.ttf><c:/Windows/Fonts/simhei.ttf><c:/Windows/Fonts/simhei.ttf><c
:/Windows/Fonts/simsun.ttc><c:/Windows/Fonts/simsun.ttc><c:/Windows/Fonts/simsu
n.ttc><c:/Windows/Fonts/simsun.ttc><c:/Windows/Fonts/simhei.ttf><c:/Windows/Fon
ts/simhei.ttf><c:/Windows/Fonts/simhei.ttf><c:/Windows/Fonts/simhei.ttf><c:/Win
dows/Fonts/simhei.ttf><c:/Windows/Fonts/simhei.ttf><c:/Windows/Fonts/simhei.ttf
><c:/Windows/Fonts/simhei.ttf><c:/Windows/Fonts/simhei.ttf><c:/Windows/Fonts/si
msun.ttc><c:/Windows/Fonts/simsun.ttc><c:/Windows/Fonts/simsun.ttc><c:/Windows/
Fonts/simsun.ttc><c:/Windows/Fonts/simsun.ttc><c:/Windows/Fonts/simsun.ttc><c:/
Windows/Fonts/simsun.ttc><c:/Windows/Fonts/simsun.ttc><c:/Windows/Fonts/simsun.
ttc><c:/Windows/Fonts/simsun.ttc><c:/Windows/Fonts/simsun.ttc><c:/Windows/Fonts
/simsun.ttc><c:/Windows/Fonts/simsun.ttc><c:/Windows/Fonts/simsun.ttc><c:/Windo
ws/Fonts/simsun.ttc><c:/Windows/Fonts/simsun.ttc><c:/Windows/Fonts/simhei.ttf><
c:/Windows/Fonts/simhei.ttf><c:/Windows/Fonts/simsun.ttc><c:/Windows/Fonts/sims
un.ttc><c:/Windows/Fonts/simsun.ttc><c:/Windows/Fonts/simsun.ttc><c:/Windows/Fo
nts/simsun.ttc><c:/Windows/Fonts/simsun.ttc><c:/Windows/Fonts/simhei.ttf><c:/Wi
ndows/Fonts/simsun.ttc><c:/Windows/Fonts/simsun.ttc><c:/Windows/Fonts/simsun.tt
c><c:/Windows/Fonts/simsun.ttc><c:/Windows/Fonts/simsun.ttc><c:/Windows/Fonts/s
imsun.ttc><c:/Windows/Fonts/simsun.ttc><c:/Windows/Fonts/simsun.ttc><c:/Windows
/Fonts/simsun.ttc><c:/Windows/Fonts/simsun.ttc><c:/Windows/Fonts/simsun.ttc><c:
/Windows/Fonts/simsun.ttc><c:/Windows/Fonts/simsun.ttc><c:/Windows/Fonts/simsun
.ttc><c:/Windows/Fonts/simsun.ttc><c:/Windows/Fonts/simsun.ttc><c:/Windows/Font
s/simsun.ttc><c:/Windows/Fonts/simsun.ttc><c:/Windows/Fonts/simsun.ttc><c:/Wind
ows/Fonts/simsun.ttc><c:/Windows/Fonts/simhei.ttf><c:/Windows/Fonts/simhei.ttf>
<c:/Windows/Fonts/simsun.ttc><c:/Windows/Fonts/simhei.ttf><c:/Windows/Fonts/sim
hei.ttf><c:/Windows/Fonts/simsun.ttc><c:/Windows/Fonts/simsun.ttc><c:/Windows/F
onts/simsun.ttc><c:/Windows/Fonts/simsun.ttc><c:/Windows/Fonts/simsun.ttc><c:/W
indows/Fonts/simhei.ttf><c:/Windows/Fonts/simsun.ttc><c:/Windows/Fonts/simsun.t
tc><c:/Windows/Fonts/simsun.ttc><c:/Windows/Fonts/simsun.ttc><c:/Windows/Fonts/
simsun.ttc><c:/Windows/Fonts/simhei.ttf><c:/Windows/Fonts/simhei.ttf><c:/Window
s/Fonts/simsun.ttc><c:/Windows/Fonts/simsun.ttc><c:/Windows/Fonts/simhei.ttf><c
:/Windows/Fonts/simhei.ttf><c:/Windows/Fonts/simhei.ttf><c:/Windows/Fonts/simsu
n.ttc><c:/Windows/Fonts/simsun.ttc><c:/Windows/Fonts/simsun.ttc><c:/Windows/Fon
ts/simsun.ttc><c:/Windows/Fonts/simsun.ttc><c:/Windows/Fonts/simsun.ttc><c:/Win
dows/Fonts/simsun.ttc><c:/Windows/Fonts/simsun.ttc><c:/Windows/Fonts/simhei.ttf
><c:/Windows/Fonts/simhei.ttf><c:/Windows/Fonts/simsun.ttc><c:/Windows/Fonts/si
msun.ttc><c:/Windows/Fonts/simsun.ttc><c:/Windows/Fonts/simhei.ttf><c:/Windows/
Fonts/simhei.ttf><c:/Windows/Fonts/simhei.ttf><c:/Windows/Fonts/simhei.ttf><c:/
Windows/Fonts/simhei.ttf><c:/Windows/Fonts/simhei.ttf><c:/Windows/Fonts/simhei.
ttf><c:/Windows/Fonts/simhei.ttf><c:/Windows/Fonts/simhei.ttf><c:/Windows/Fonts
/simhei.ttf><c:/Windows/Fonts/simhei.ttf><c:/Windows/Fonts/simhei.ttf><c:/Windo
ws/Fonts/simhei.ttf><c:/Windows/Fonts/simhei.ttf><c:/Windows/Fonts/simhei.ttf><
c:/Windows/Fonts/simhei.ttf><c:/Windows/Fonts/simsun.ttc><c:/Windows/Fonts/sims
un.ttc><c:/Windows/Fonts/simhei.ttf><c:/Windows/Fonts/simhei.ttf><c:/Windows/Fo
nts/simhei.ttf><c:/Windows/Fonts/simhei.ttf><c:/Windows/Fonts/simhei.ttf><c:/Wi
ndows/Fonts/simhei.ttf><c:/Windows/Fonts/simhei.ttf><d:/texlive/2020/texmf-dist
/fonts/type1/public/amsfonts/euler/eurm10.pfb><d:/texlive/2020/texmf-dist/fonts
/type1/public/txfonts/rtcxr.pfb><d:/texlive/2020/texmf-dist/fonts/type1/public/
txfonts/rtxb.pfb><d:/texlive/2020/texmf-dist/fonts/type1/public/txfonts/rtxbmi.
pfb><d:/texlive/2020/texmf-dist/fonts/type1/public/txfonts/rtxmi.pfb><d:/texliv
e/2020/texmf-dist/fonts/type1/public/txfonts/rtxr.pfb><d:/texlive/2020/texmf-di
st/fonts/type1/public/txfonts/txex.pfb><d:/texlive/2020/texmf-dist/fonts/type1/
public/txfonts/txexa.pfb><d:/texlive/2020/texmf-dist/fonts/type1/public/txfonts
/txsy.pfb><d:/texlive/2020/texmf-dist/fonts/type1/public/txfonts/txsya.pfb><d:/
texlive/2020/texmf-dist/fonts/type1/public/txfonts/txsyb.pfb><d:/texlive/2020/t
exmf-dist/fonts/type1/public/txfonts/txsyc.pfb><d:/texlive/2020/texmf-dist/font
s/type1/public/txfonts/txtt.pfb><d:/texlive/2020/texmf-dist/fonts/type1/urw/tim
es/utmb8a.pfb><d:/texlive/2020/texmf-dist/fonts/type1/urw/times/utmbi8a.pfb><d:
/texlive/2020/texmf-dist/fonts/type1/urw/times/utmr8a.pfb><d:/texlive/2020/texm
f-dist/fonts/type1/urw/times/utmri8a.pfb>
Output written on hnumain.pdf (125 pages, 20382015 bytes).
PDF statistics:
 2976 PDF objects out of 2984 (max. 8388607)
 2442 compressed objects within 25 object streams
 684 named destinations out of 1000 (max. 500000)
 1284 words of extra memory for PDF output out of 10000 (max. 10000000)

